This file contains any messages produced by compilers while
running configure, to aid debugging if configure makes a mistake.

It was created by YODA configure 0.3.2, which was
generated by GNU Autoconf 2.68.  Invocation command line was

  $ ./configure 

## --------- ##
## Platform. ##
## --------- ##

hostname = trawler
uname -m = x86_64
uname -r = 3.0.0-ARCH
uname -s = Linux
uname -v = #1 SMP PREEMPT Sat Jul 23 23:17:54 CEST 2011

/usr/bin/uname -p = unknown
/bin/uname -X     = unknown

/bin/arch              = x86_64
/usr/bin/arch -k       = unknown
/usr/convex/getsysinfo = unknown
/usr/bin/hostinfo      = unknown
/bin/machine           = unknown
/usr/bin/oslevel       = unknown
/bin/universe          = unknown

PATH: /home/michal/Programowanie/cern/rivet/dev/local/bin
PATH: /home/michal/Programowanie/cern/rivet/dev/local/bin
PATH: /usr/local/bin
PATH: /usr/bin
PATH: /bin
PATH: /usr/local/sbin
PATH: /usr/sbin
PATH: /sbin
PATH: /opt/java/jre/bin
PATH: /opt/kde/bin
PATH: /usr/bin/vendor_perl
PATH: /usr/bin/core_perl
PATH: /opt/qt/bin
PATH: /home/michal/Programowanie/cern/rivet/dev/local/bin


## ----------- ##
## Core tests. ##
## ----------- ##

configure:2409: checking for a BSD-compatible install
configure:2477: result: /bin/install -c
configure:2488: checking whether build environment is sane
configure:2538: result: yes
configure:2679: checking for a thread-safe mkdir -p
configure:2718: result: /bin/mkdir -p
configure:2731: checking for gawk
configure:2747: found /usr/bin/gawk
configure:2758: result: gawk
configure:2769: checking whether make sets $(MAKE)
configure:2791: result: yes
configure:2960: checking for sw_vers
configure:2990: result: no
configure:3101: checking for g++
configure:3117: found /usr/bin/g++
configure:3128: result: g++
configure:3155: checking for C++ compiler version
configure:3164: g++ --version >&5
g++ (GCC) 4.6.1
Copyright (C) 2011 Free Software Foundation, Inc.
This is free software; see the source for copying conditions.  There is NO
warranty; not even for MERCHANTABILITY or FITNESS FOR A PARTICULAR PURPOSE.

configure:3175: $? = 0
configure:3164: g++ -v >&5
Using built-in specs.
COLLECT_GCC=g++
COLLECT_LTO_WRAPPER=/usr/lib/gcc/x86_64-unknown-linux-gnu/4.6.1/lto-wrapper
Target: x86_64-unknown-linux-gnu
Configured with: /build/src/gcc-4.6.1/configure --prefix=/usr --libdir=/usr/lib --libexecdir=/usr/lib --mandir=/usr/share/man --infodir=/usr/share/info --with-bugurl=https://bugs.archlinux.org/ --enable-languages=c,c++,ada,fortran,go,lto,objc,obj-c++ --enable-shared --enable-threads=posix --with-system-zlib --enable-__cxa_atexit --disable-libunwind-exceptions --enable-clocale=gnu --enable-gnu-unique-object --enable-linker-build-id --with-ppl --enable-cloog-backend=isl --enable-lto --enable-gold --enable-ld=default --enable-plugin --with-plugin-ld=ld.gold --disable-multilib --disable-libstdcxx-pch --enable-checking=release
Thread model: posix
gcc version 4.6.1 (GCC) 
configure:3175: $? = 0
configure:3164: g++ -V >&5
g++: error: unrecognized option '-V'
g++: fatal error: no input files
compilation terminated.
configure:3175: $? = 1
configure:3164: g++ -qversion >&5
g++: error: unrecognized option '-qversion'
g++: fatal error: no input files
compilation terminated.
configure:3175: $? = 1
configure:3195: checking whether the C++ compiler works
configure:3217: g++ -O3   conftest.cpp  >&5
configure:3221: $? = 0
configure:3269: result: yes
configure:3272: checking for C++ compiler default output file name
configure:3274: result: a.out
configure:3280: checking for suffix of executables
configure:3287: g++ -o conftest -O3   conftest.cpp  >&5
configure:3291: $? = 0
configure:3313: result: 
configure:3335: checking whether we are cross compiling
configure:3343: g++ -o conftest -O3   conftest.cpp  >&5
configure:3347: $? = 0
configure:3354: ./conftest
configure:3358: $? = 0
configure:3373: result: no
configure:3378: checking for suffix of object files
configure:3400: g++ -c -O3  conftest.cpp >&5
configure:3404: $? = 0
configure:3425: result: o
configure:3429: checking whether we are using the GNU C++ compiler
configure:3448: g++ -c -O3  conftest.cpp >&5
configure:3448: $? = 0
configure:3457: result: yes
configure:3466: checking whether g++ accepts -g
configure:3486: g++ -c -g  conftest.cpp >&5
configure:3486: $? = 0
configure:3527: result: yes
configure:3561: checking for style of include used by make
configure:3589: result: GNU
configure:3614: checking dependency style of g++
configure:3724: result: gcc3
configure:3740: checking whether ln -s works
configure:3744: result: yes
configure:3815: checking build system type
configure:3829: result: x86_64-unknown-linux-gnu
configure:3849: checking host system type
configure:3862: result: x86_64-unknown-linux-gnu
configure:3903: checking how to print strings
configure:3930: result: printf
configure:3999: checking for gcc
configure:4015: found /usr/bin/gcc
configure:4026: result: gcc
configure:4255: checking for C compiler version
configure:4264: gcc --version >&5
gcc (GCC) 4.6.1
Copyright (C) 2011 Free Software Foundation, Inc.
This is free software; see the source for copying conditions.  There is NO
warranty; not even for MERCHANTABILITY or FITNESS FOR A PARTICULAR PURPOSE.

configure:4275: $? = 0
configure:4264: gcc -v >&5
Using built-in specs.
COLLECT_GCC=gcc
COLLECT_LTO_WRAPPER=/usr/lib/gcc/x86_64-unknown-linux-gnu/4.6.1/lto-wrapper
Target: x86_64-unknown-linux-gnu
Configured with: /build/src/gcc-4.6.1/configure --prefix=/usr --libdir=/usr/lib --libexecdir=/usr/lib --mandir=/usr/share/man --infodir=/usr/share/info --with-bugurl=https://bugs.archlinux.org/ --enable-languages=c,c++,ada,fortran,go,lto,objc,obj-c++ --enable-shared --enable-threads=posix --with-system-zlib --enable-__cxa_atexit --disable-libunwind-exceptions --enable-clocale=gnu --enable-gnu-unique-object --enable-linker-build-id --with-ppl --enable-cloog-backend=isl --enable-lto --enable-gold --enable-ld=default --enable-plugin --with-plugin-ld=ld.gold --disable-multilib --disable-libstdcxx-pch --enable-checking=release
Thread model: posix
gcc version 4.6.1 (GCC) 
configure:4275: $? = 0
configure:4264: gcc -V >&5
gcc: error: unrecognized option '-V'
gcc: fatal error: no input files
compilation terminated.
configure:4275: $? = 1
configure:4264: gcc -qversion >&5
gcc: error: unrecognized option '-qversion'
gcc: fatal error: no input files
compilation terminated.
configure:4275: $? = 1
configure:4279: checking whether we are using the GNU C compiler
configure:4298: gcc -c   conftest.c >&5
configure:4298: $? = 0
configure:4307: result: yes
configure:4316: checking whether gcc accepts -g
configure:4336: gcc -c -g  conftest.c >&5
configure:4336: $? = 0
configure:4377: result: yes
configure:4394: checking for gcc option to accept ISO C89
configure:4458: gcc  -c -g -O2  conftest.c >&5
configure:4458: $? = 0
configure:4471: result: none needed
configure:4493: checking dependency style of gcc
configure:4603: result: gcc3
configure:4618: checking for a sed that does not truncate output
configure:4682: result: /bin/sed
configure:4700: checking for grep that handles long lines and -e
configure:4758: result: /bin/grep
configure:4763: checking for egrep
configure:4825: result: /bin/grep -E
configure:4830: checking for fgrep
configure:4892: result: /bin/grep -F
configure:4927: checking for ld used by gcc
configure:4994: result: /usr/bin/ld
configure:5001: checking if the linker (/usr/bin/ld) is GNU ld
configure:5016: result: yes
configure:5028: checking for BSD- or MS-compatible name lister (nm)
configure:5077: result: /usr/bin/nm -B
configure:5207: checking the name lister (/usr/bin/nm -B) interface
configure:5214: g++ -c -O3  conftest.cpp >&5
configure:5217: /usr/bin/nm -B "conftest.o"
configure:5220: output
0000000000000000 B some_variable
configure:5227: result: BSD nm
configure:5231: checking the maximum length of command line arguments
configure:5356: result: 1572864
configure:5373: checking whether the shell understands some XSI constructs
configure:5383: result: yes
configure:5387: checking whether the shell understands "+="
configure:5393: result: yes
configure:5428: checking how to convert x86_64-unknown-linux-gnu file names to x86_64-unknown-linux-gnu format
configure:5468: result: func_convert_file_noop
configure:5475: checking how to convert x86_64-unknown-linux-gnu file names to toolchain format
configure:5495: result: func_convert_file_noop
configure:5502: checking for /usr/bin/ld option to reload object files
configure:5509: result: -r
configure:5583: checking for objdump
configure:5599: found /usr/bin/objdump
configure:5610: result: objdump
configure:5642: checking how to recognize dependent libraries
configure:5844: result: pass_all
configure:5929: checking for dlltool
configure:5959: result: no
configure:5989: checking how to associate runtime and link libraries
configure:6016: result: printf %s\n
configure:6077: checking for ar
configure:6093: found /usr/bin/ar
configure:6104: result: ar
configure:6141: checking for archiver @FILE support
configure:6158: g++ -c -O3  conftest.cpp >&5
configure:6158: $? = 0
configure:6161: ar cru libconftest.a @conftest.lst >&5
configure:6164: $? = 0
configure:6169: ar cru libconftest.a @conftest.lst >&5
ar: conftest.o: No such file or directory
configure:6172: $? = 1
configure:6184: result: @
configure:6242: checking for strip
configure:6258: found /usr/bin/strip
configure:6269: result: strip
configure:6341: checking for ranlib
configure:6357: found /usr/bin/ranlib
configure:6368: result: ranlib
configure:6470: checking command to parse /usr/bin/nm -B output from gcc object
configure:6589: g++ -c -O3  conftest.cpp >&5
configure:6592: $? = 0
configure:6596: /usr/bin/nm -B conftest.o \| sed -n -e 's/^.*[ ]\([ABCDGIRSTW][ABCDGIRSTW]*\)[ ][ ]*\([_A-Za-z][_A-Za-z0-9]*\)$/\1 \2 \2/p' | sed '/ __gnu_lto/d' \> conftest.nm
configure:6599: $? = 0
configure:6665: g++ -o conftest -O3   conftest.cpp conftstm.o >&5
configure:6668: $? = 0
configure:6706: result: ok
configure:6743: checking for sysroot
configure:6773: result: no
configure:6851: g++ -c -O3  conftest.cpp >&5
configure:6854: $? = 0
configure:7017: checking for mt
configure:7047: result: no
configure:7067: checking if : is a manifest tool
configure:7073: : '-?'
configure:7081: result: no
configure:7713: checking how to run the C preprocessor
configure:7744: gcc -E  conftest.c
configure:7744: $? = 0
configure:7758: gcc -E  conftest.c
conftest.c:16:28: fatal error: ac_nonexistent.h: No such file or directory
compilation terminated.
configure:7758: $? = 1
configure: failed program was:
| /* confdefs.h */
| #define PACKAGE_NAME "YODA"
| #define PACKAGE_TARNAME "YODA"
| #define PACKAGE_VERSION "0.3.2"
| #define PACKAGE_STRING "YODA 0.3.2"
| #define PACKAGE_BUGREPORT "yoda@projects.hepforge.org"
| #define PACKAGE_URL ""
| #define PACKAGE "YODA"
| #define VERSION "0.3.2"
| #define YODA_VERSION "0.3.2"
| #define YODA_NAME "YODA"
| #define YODA_STRING "YODA 0.3.2"
| #define YODA_TARNAME "YODA"
| #define YODA_BUGREPORT "yoda@projects.hepforge.org"
| /* end confdefs.h.  */
| #include <ac_nonexistent.h>
configure:7783: result: gcc -E
configure:7803: gcc -E  conftest.c
configure:7803: $? = 0
configure:7817: gcc -E  conftest.c
conftest.c:16:28: fatal error: ac_nonexistent.h: No such file or directory
compilation terminated.
configure:7817: $? = 1
configure: failed program was:
| /* confdefs.h */
| #define PACKAGE_NAME "YODA"
| #define PACKAGE_TARNAME "YODA"
| #define PACKAGE_VERSION "0.3.2"
| #define PACKAGE_STRING "YODA 0.3.2"
| #define PACKAGE_BUGREPORT "yoda@projects.hepforge.org"
| #define PACKAGE_URL ""
| #define PACKAGE "YODA"
| #define VERSION "0.3.2"
| #define YODA_VERSION "0.3.2"
| #define YODA_NAME "YODA"
| #define YODA_STRING "YODA 0.3.2"
| #define YODA_TARNAME "YODA"
| #define YODA_BUGREPORT "yoda@projects.hepforge.org"
| /* end confdefs.h.  */
| #include <ac_nonexistent.h>
configure:7846: checking for ANSI C header files
configure:7866: gcc -c -g -O2  conftest.c >&5
configure:7866: $? = 0
configure:7939: gcc -o conftest -g -O2   conftest.c  >&5
configure:7939: $? = 0
configure:7939: ./conftest
configure:7939: $? = 0
configure:7950: result: yes
configure:7963: checking for sys/types.h
configure:7963: gcc -c -g -O2  conftest.c >&5
configure:7963: $? = 0
configure:7963: result: yes
configure:7963: checking for sys/stat.h
configure:7963: gcc -c -g -O2  conftest.c >&5
configure:7963: $? = 0
configure:7963: result: yes
configure:7963: checking for stdlib.h
configure:7963: gcc -c -g -O2  conftest.c >&5
configure:7963: $? = 0
configure:7963: result: yes
configure:7963: checking for string.h
configure:7963: gcc -c -g -O2  conftest.c >&5
configure:7963: $? = 0
configure:7963: result: yes
configure:7963: checking for memory.h
configure:7963: gcc -c -g -O2  conftest.c >&5
configure:7963: $? = 0
configure:7963: result: yes
configure:7963: checking for strings.h
configure:7963: gcc -c -g -O2  conftest.c >&5
configure:7963: $? = 0
configure:7963: result: yes
configure:7963: checking for inttypes.h
configure:7963: gcc -c -g -O2  conftest.c >&5
configure:7963: $? = 0
configure:7963: result: yes
configure:7963: checking for stdint.h
configure:7963: gcc -c -g -O2  conftest.c >&5
configure:7963: $? = 0
configure:7963: result: yes
configure:7963: checking for unistd.h
configure:7963: gcc -c -g -O2  conftest.c >&5
configure:7963: $? = 0
configure:7963: result: yes
configure:7977: checking for dlfcn.h
configure:7977: gcc -c -g -O2  conftest.c >&5
configure:7977: $? = 0
configure:7977: result: yes
configure:8142: checking for objdir
configure:8157: result: .libs
configure:8428: checking if gcc supports -fno-rtti -fno-exceptions
configure:8446: gcc -c -g -O2  -fno-rtti -fno-exceptions conftest.c >&5
cc1: warning: command line option '-fno-rtti' is valid for C++/ObjC++ but not for C [enabled by default]
configure:8450: $? = 0
configure:8463: result: no
configure:8773: checking for gcc option to produce PIC
configure:8780: result: -fPIC -DPIC
configure:8788: checking if gcc PIC flag -fPIC -DPIC works
configure:8806: gcc -c -g -O2  -fPIC -DPIC -DPIC conftest.c >&5
configure:8810: $? = 0
configure:8823: result: yes
configure:8852: checking if gcc static flag -static works
configure:8880: result: yes
configure:8895: checking if gcc supports -c -o file.o
configure:8916: gcc -c -g -O2  -o out/conftest2.o conftest.c >&5
configure:8920: $? = 0
configure:8942: result: yes
configure:8950: checking if gcc supports -c -o file.o
configure:8997: result: yes
configure:9030: checking whether the gcc linker (/usr/bin/ld -m elf_x86_64) supports shared libraries
configure:10188: result: yes
configure:10225: checking whether -lc should be explicitly linked in
configure:10233: gcc -c -g -O2  conftest.c >&5
configure:10236: $? = 0
configure:10251: gcc -shared  -fPIC -DPIC conftest.o  -v -Wl,-soname -Wl,conftest -o conftest 2\>\&1 \| /bin/grep  -lc  \>/dev/null 2\>\&1
configure:10254: $? = 0
configure:10268: result: no
configure:10433: checking dynamic linker characteristics
configure:10947: gcc -o conftest -g -O2   -Wl,-rpath -Wl,/foo conftest.c  >&5
configure:10947: $? = 0
configure:11169: result: GNU/Linux ld.so
configure:11276: checking how to hardcode library paths into programs
configure:11301: result: immediate
configure:11395: checking for shl_load
configure:11395: gcc -o conftest -g -O2   conftest.c  >&5
/tmp/ccvDQJZL.o: In function `main':
/home/michal/summer/yoda/yoda/trunk/conftest.c:62: undefined reference to `shl_load'
collect2: ld returned 1 exit status
configure:11395: $? = 1
configure: failed program was:
| /* confdefs.h */
| #define PACKAGE_NAME "YODA"
| #define PACKAGE_TARNAME "YODA"
| #define PACKAGE_VERSION "0.3.2"
| #define PACKAGE_STRING "YODA 0.3.2"
| #define PACKAGE_BUGREPORT "yoda@projects.hepforge.org"
| #define PACKAGE_URL ""
| #define PACKAGE "YODA"
| #define VERSION "0.3.2"
| #define YODA_VERSION "0.3.2"
| #define YODA_NAME "YODA"
| #define YODA_STRING "YODA 0.3.2"
| #define YODA_TARNAME "YODA"
| #define YODA_BUGREPORT "yoda@projects.hepforge.org"
| #define STDC_HEADERS 1
| #define HAVE_SYS_TYPES_H 1
| #define HAVE_SYS_STAT_H 1
| #define HAVE_STDLIB_H 1
| #define HAVE_STRING_H 1
| #define HAVE_MEMORY_H 1
| #define HAVE_STRINGS_H 1
| #define HAVE_INTTYPES_H 1
| #define HAVE_STDINT_H 1
| #define HAVE_UNISTD_H 1
| #define HAVE_DLFCN_H 1
| #define LT_OBJDIR ".libs/"
| /* end confdefs.h.  */
| /* Define shl_load to an innocuous variant, in case <limits.h> declares shl_load.
|    For example, HP-UX 11i <limits.h> declares gettimeofday.  */
| #define shl_load innocuous_shl_load
| 
| /* System header to define __stub macros and hopefully few prototypes,
|     which can conflict with char shl_load (); below.
|     Prefer <limits.h> to <assert.h> if __STDC__ is defined, since
|     <limits.h> exists even on freestanding compilers.  */
| 
| #ifdef __STDC__
| # include <limits.h>
| #else
| # include <assert.h>
| #endif
| 
| #undef shl_load
| 
| /* Override any GCC internal prototype to avoid an error.
|    Use char because int might match the return type of a GCC
|    builtin and then its argument prototype would still apply.  */
| #ifdef __cplusplus
| extern "C"
| #endif
| char shl_load ();
| /* The GNU C library defines this for functions which it implements
|     to always fail with ENOSYS.  Some functions are actually named
|     something starting with __ and the normal name is an alias.  */
| #if defined __stub_shl_load || defined __stub___shl_load
| choke me
| #endif
| 
| int
| main ()
| {
| return shl_load ();
|   ;
|   return 0;
| }
configure:11395: result: no
configure:11399: checking for shl_load in -ldld
configure:11424: gcc -o conftest -g -O2   conftest.c -ldld   >&5
/usr/bin/ld: cannot find -ldld
collect2: ld returned 1 exit status
configure:11424: $? = 1
configure: failed program was:
| /* confdefs.h */
| #define PACKAGE_NAME "YODA"
| #define PACKAGE_TARNAME "YODA"
| #define PACKAGE_VERSION "0.3.2"
| #define PACKAGE_STRING "YODA 0.3.2"
| #define PACKAGE_BUGREPORT "yoda@projects.hepforge.org"
| #define PACKAGE_URL ""
| #define PACKAGE "YODA"
| #define VERSION "0.3.2"
| #define YODA_VERSION "0.3.2"
| #define YODA_NAME "YODA"
| #define YODA_STRING "YODA 0.3.2"
| #define YODA_TARNAME "YODA"
| #define YODA_BUGREPORT "yoda@projects.hepforge.org"
| #define STDC_HEADERS 1
| #define HAVE_SYS_TYPES_H 1
| #define HAVE_SYS_STAT_H 1
| #define HAVE_STDLIB_H 1
| #define HAVE_STRING_H 1
| #define HAVE_MEMORY_H 1
| #define HAVE_STRINGS_H 1
| #define HAVE_INTTYPES_H 1
| #define HAVE_STDINT_H 1
| #define HAVE_UNISTD_H 1
| #define HAVE_DLFCN_H 1
| #define LT_OBJDIR ".libs/"
| /* end confdefs.h.  */
| 
| /* Override any GCC internal prototype to avoid an error.
|    Use char because int might match the return type of a GCC
|    builtin and then its argument prototype would still apply.  */
| #ifdef __cplusplus
| extern "C"
| #endif
| char shl_load ();
| int
| main ()
| {
| return shl_load ();
|   ;
|   return 0;
| }
configure:11433: result: no
configure:11438: checking for dlopen
configure:11438: gcc -o conftest -g -O2   conftest.c  >&5
/tmp/cc9fAsOf.o: In function `main':
/home/michal/summer/yoda/yoda/trunk/conftest.c:62: undefined reference to `dlopen'
collect2: ld returned 1 exit status
configure:11438: $? = 1
configure: failed program was:
| /* confdefs.h */
| #define PACKAGE_NAME "YODA"
| #define PACKAGE_TARNAME "YODA"
| #define PACKAGE_VERSION "0.3.2"
| #define PACKAGE_STRING "YODA 0.3.2"
| #define PACKAGE_BUGREPORT "yoda@projects.hepforge.org"
| #define PACKAGE_URL ""
| #define PACKAGE "YODA"
| #define VERSION "0.3.2"
| #define YODA_VERSION "0.3.2"
| #define YODA_NAME "YODA"
| #define YODA_STRING "YODA 0.3.2"
| #define YODA_TARNAME "YODA"
| #define YODA_BUGREPORT "yoda@projects.hepforge.org"
| #define STDC_HEADERS 1
| #define HAVE_SYS_TYPES_H 1
| #define HAVE_SYS_STAT_H 1
| #define HAVE_STDLIB_H 1
| #define HAVE_STRING_H 1
| #define HAVE_MEMORY_H 1
| #define HAVE_STRINGS_H 1
| #define HAVE_INTTYPES_H 1
| #define HAVE_STDINT_H 1
| #define HAVE_UNISTD_H 1
| #define HAVE_DLFCN_H 1
| #define LT_OBJDIR ".libs/"
| /* end confdefs.h.  */
| /* Define dlopen to an innocuous variant, in case <limits.h> declares dlopen.
|    For example, HP-UX 11i <limits.h> declares gettimeofday.  */
| #define dlopen innocuous_dlopen
| 
| /* System header to define __stub macros and hopefully few prototypes,
|     which can conflict with char dlopen (); below.
|     Prefer <limits.h> to <assert.h> if __STDC__ is defined, since
|     <limits.h> exists even on freestanding compilers.  */
| 
| #ifdef __STDC__
| # include <limits.h>
| #else
| # include <assert.h>
| #endif
| 
| #undef dlopen
| 
| /* Override any GCC internal prototype to avoid an error.
|    Use char because int might match the return type of a GCC
|    builtin and then its argument prototype would still apply.  */
| #ifdef __cplusplus
| extern "C"
| #endif
| char dlopen ();
| /* The GNU C library defines this for functions which it implements
|     to always fail with ENOSYS.  Some functions are actually named
|     something starting with __ and the normal name is an alias.  */
| #if defined __stub_dlopen || defined __stub___dlopen
| choke me
| #endif
| 
| int
| main ()
| {
| return dlopen ();
|   ;
|   return 0;
| }
configure:11438: result: no
configure:11442: checking for dlopen in -ldl
configure:11467: gcc -o conftest -g -O2   conftest.c -ldl   >&5
configure:11467: $? = 0
configure:11476: result: yes
configure:11595: checking whether a program can dlopen itself
configure:11675: gcc -o conftest -g -O2  -DHAVE_DLFCN_H  -Wl,--export-dynamic conftest.c -ldl  >&5
configure:11678: $? = 0
configure:11696: result: yes
configure:11701: checking whether a statically linked program can dlopen itself
configure:11781: gcc -o conftest -g -O2  -DHAVE_DLFCN_H  -Wl,--export-dynamic -static conftest.c -ldl  >&5
/tmp/ccWxQAlT.o: In function `main':
/home/michal/summer/yoda/yoda/trunk/configure:11760: warning: Using 'dlopen' in statically linked applications requires at runtime the shared libraries from the glibc version used for linking
configure:11784: $? = 0
/home/michal/Programowanie/cern/rivet/dev/local/lib/: cannot read file data: Is a directory
configure:11802: result: no
configure:11841: checking whether stripping libraries is possible
configure:11846: result: yes
configure:11881: checking if libtool supports shared libraries
configure:11883: result: yes
configure:11886: checking whether to build shared libraries
configure:11907: result: yes
configure:11910: checking whether to build static libraries
configure:11914: result: no
configure:11937: checking how to run the C++ preprocessor
configure:11964: g++ -E  conftest.cpp
configure:11964: $? = 0
configure:11978: g++ -E  conftest.cpp
conftest.cpp:28:28: fatal error: ac_nonexistent.h: No such file or directory
compilation terminated.
configure:11978: $? = 1
configure: failed program was:
| /* confdefs.h */
| #define PACKAGE_NAME "YODA"
| #define PACKAGE_TARNAME "YODA"
| #define PACKAGE_VERSION "0.3.2"
| #define PACKAGE_STRING "YODA 0.3.2"
| #define PACKAGE_BUGREPORT "yoda@projects.hepforge.org"
| #define PACKAGE_URL ""
| #define PACKAGE "YODA"
| #define VERSION "0.3.2"
| #define YODA_VERSION "0.3.2"
| #define YODA_NAME "YODA"
| #define YODA_STRING "YODA 0.3.2"
| #define YODA_TARNAME "YODA"
| #define YODA_BUGREPORT "yoda@projects.hepforge.org"
| #define STDC_HEADERS 1
| #define HAVE_SYS_TYPES_H 1
| #define HAVE_SYS_STAT_H 1
| #define HAVE_STDLIB_H 1
| #define HAVE_STRING_H 1
| #define HAVE_MEMORY_H 1
| #define HAVE_STRINGS_H 1
| #define HAVE_INTTYPES_H 1
| #define HAVE_STDINT_H 1
| #define HAVE_UNISTD_H 1
| #define HAVE_DLFCN_H 1
| #define LT_OBJDIR ".libs/"
| /* end confdefs.h.  */
| #include <ac_nonexistent.h>
configure:12003: result: g++ -E
configure:12023: g++ -E  conftest.cpp
configure:12023: $? = 0
configure:12037: g++ -E  conftest.cpp
conftest.cpp:28:28: fatal error: ac_nonexistent.h: No such file or directory
compilation terminated.
configure:12037: $? = 1
configure: failed program was:
| /* confdefs.h */
| #define PACKAGE_NAME "YODA"
| #define PACKAGE_TARNAME "YODA"
| #define PACKAGE_VERSION "0.3.2"
| #define PACKAGE_STRING "YODA 0.3.2"
| #define PACKAGE_BUGREPORT "yoda@projects.hepforge.org"
| #define PACKAGE_URL ""
| #define PACKAGE "YODA"
| #define VERSION "0.3.2"
| #define YODA_VERSION "0.3.2"
| #define YODA_NAME "YODA"
| #define YODA_STRING "YODA 0.3.2"
| #define YODA_TARNAME "YODA"
| #define YODA_BUGREPORT "yoda@projects.hepforge.org"
| #define STDC_HEADERS 1
| #define HAVE_SYS_TYPES_H 1
| #define HAVE_SYS_STAT_H 1
| #define HAVE_STDLIB_H 1
| #define HAVE_STRING_H 1
| #define HAVE_MEMORY_H 1
| #define HAVE_STRINGS_H 1
| #define HAVE_INTTYPES_H 1
| #define HAVE_STDINT_H 1
| #define HAVE_UNISTD_H 1
| #define HAVE_DLFCN_H 1
| #define LT_OBJDIR ".libs/"
| /* end confdefs.h.  */
| #include <ac_nonexistent.h>
configure:12207: checking for ld used by g++
configure:12274: result: /usr/bin/ld -m elf_x86_64
configure:12281: checking if the linker (/usr/bin/ld -m elf_x86_64) is GNU ld
configure:12296: result: yes
configure:12351: checking whether the g++ linker (/usr/bin/ld -m elf_x86_64) supports shared libraries
configure:13355: result: yes
configure:13390: g++ -c -O3  conftest.cpp >&5
configure:13393: $? = 0
configure:13913: checking for g++ option to produce PIC
configure:13920: result: -fPIC -DPIC
configure:13928: checking if g++ PIC flag -fPIC -DPIC works
configure:13946: g++ -c -O3  -fPIC -DPIC -DPIC conftest.cpp >&5
configure:13950: $? = 0
configure:13963: result: yes
configure:13986: checking if g++ static flag -static works
configure:14014: result: yes
configure:14026: checking if g++ supports -c -o file.o
configure:14047: g++ -c -O3  -o out/conftest2.o conftest.cpp >&5
configure:14051: $? = 0
configure:14073: result: yes
configure:14078: checking if g++ supports -c -o file.o
configure:14125: result: yes
configure:14155: checking whether the g++ linker (/usr/bin/ld -m elf_x86_64) supports shared libraries
configure:14189: result: yes
configure:14332: checking dynamic linker characteristics
configure:15002: result: GNU/Linux ld.so
configure:15055: checking how to hardcode library paths into programs
configure:15080: result: immediate
configure:15147: checking for doxygen
configure:15165: found /usr/bin/doxygen
configure:15177: result: /usr/bin/doxygen
configure:15219: checking for python
configure:15249: result: /usr/bin/python2
configure:15277: checking whether /usr/bin/python2 version >= 2.4
configure:15310: result: yes
configure:15326: checking for Python include path
configure:15329: result: /usr/include/python2.7
configure:15349: checking for swig
configure:15367: found /usr/bin/swig
configure:15379: result: /usr/bin/swig
configure:15464: checking if /usr/bin/swig can make a Python function wrapper
configure:15468: result: yes
configure:15482: checking if the g++ compiler accepts the -Wno-format flag
configure:15498: result: yes
configure:15502: adding -Wno-format to swig compilation test
configure:15516: checking if /usr/bin/swig is compatible with the g++ compiler
configure:15522: result: yes
configure:15534: All Python build checks successful: 'yoda' Python extension will be built
configure:15663: Found Boost header directory at /usr/include
configure:15736: checking boost/foreach.hpp usability
configure:15736: g++ -c -O3  -I/usr/include conftest.cpp >&5
configure:15736: $? = 0
configure:15736: result: yes
configure:15736: checking boost/foreach.hpp presence
configure:15736: g++ -E  -I/usr/include conftest.cpp
configure:15736: $? = 0
configure:15736: result: yes
configure:15736: checking for boost/foreach.hpp
configure:15736: result: yes
configure:15744: checking boost/smart_ptr.hpp usability
configure:15744: g++ -c -O3  -I/usr/include conftest.cpp >&5
configure:15744: $? = 0
configure:15744: result: yes
configure:15744: checking boost/smart_ptr.hpp presence
configure:15744: g++ -E  -I/usr/include conftest.cpp
configure:15744: $? = 0
configure:15744: result: yes
configure:15744: checking for boost/smart_ptr.hpp
configure:15744: result: yes
configure:15752: checking boost/lexical_cast.hpp usability
configure:15752: g++ -c -O3  -I/usr/include conftest.cpp >&5
configure:15752: $? = 0
configure:15752: result: yes
configure:15752: checking boost/lexical_cast.hpp presence
configure:15752: g++ -E  -I/usr/include conftest.cpp
configure:15752: $? = 0
configure:15752: result: yes
configure:15752: checking for boost/lexical_cast.hpp
configure:15752: result: yes
configure:15760: checking boost/assign.hpp usability
configure:15760: g++ -c -O3  -I/usr/include conftest.cpp >&5
configure:15760: $? = 0
configure:15760: result: yes
configure:15760: checking boost/assign.hpp presence
configure:15760: g++ -E  -I/usr/include conftest.cpp
configure:15760: $? = 0
configure:15760: result: yes
configure:15760: checking for boost/assign.hpp
configure:15760: result: yes
configure:15768: checking boost/random.hpp usability
configure:15768: g++ -c -O3  -I/usr/include conftest.cpp >&5
configure:15768: $? = 0
configure:15768: result: yes
configure:15768: checking boost/random.hpp presence
configure:15768: g++ -E  -I/usr/include conftest.cpp
configure:15768: $? = 0
configure:15768: result: yes
configure:15768: checking for boost/random.hpp
configure:15768: result: yes
configure:15789: checking if the g++ compiler accepts the -pedantic flag
configure:15805: result: yes
configure:15828: checking if the g++ compiler accepts the -ansi flag
configure:15844: result: yes
configure:15867: checking if the g++ compiler accepts the -Wall flag
configure:15883: result: yes
configure:15907: checking if the g++ compiler accepts the -std=c++0x flag
configure:15923: result: yes
configure:16133: creating ./config.status

## ---------------------- ##
## Running config.status. ##
## ---------------------- ##

This file was extended by YODA config.status 0.3.2, which was
generated by GNU Autoconf 2.68.  Invocation command line was

  CONFIG_FILES    = 
  CONFIG_HEADERS  = 
  CONFIG_LINKS    = 
  CONFIG_COMMANDS = 
  $ ./config.status 

on trawler

config.status:1198: creating Makefile
config.status:1198: creating Doxyfile
config.status:1198: creating include/Makefile
config.status:1198: creating include/YODA/Makefile
config.status:1198: creating src/Makefile
config.status:1198: creating src/tinyxml/Makefile
config.status:1198: creating tests/Makefile
config.status:1198: creating pyext/Makefile
config.status:1198: creating pyext/yoda/Makefile
config.status:1198: creating pyext/setup.py
config.status:1198: creating include/YODA/Config/DummyConfig.h
config.status:1379: include/YODA/Config/DummyConfig.h is unchanged
config.status:1198: creating include/YODA/Config/YodaConfig.h
config.status:1379: include/YODA/Config/YodaConfig.h is unchanged
config.status:1198: creating include/YODA/Config/BuildConfig.h
config.status:1379: include/YODA/Config/BuildConfig.h is unchanged
config.status:1427: executing depfiles commands
config.status:1427: executing libtool commands

## ---------------- ##
## Cache variables. ##
## ---------------- ##

ac_cv_build=x86_64-unknown-linux-gnu
ac_cv_c_compiler_gnu=yes
ac_cv_cxx_compiler_gnu=yes
ac_cv_env_BOOSTINCPATH_set=
ac_cv_env_BOOSTINCPATH_value=
ac_cv_env_BOOSTPATH_set=
ac_cv_env_BOOSTPATH_value=
ac_cv_env_CCC_set=
ac_cv_env_CCC_value=
ac_cv_env_CC_set=
ac_cv_env_CC_value=
ac_cv_env_CFLAGS_set=
ac_cv_env_CFLAGS_value=
ac_cv_env_CPPFLAGS_set=
ac_cv_env_CPPFLAGS_value=
ac_cv_env_CPP_set=
ac_cv_env_CPP_value=
ac_cv_env_CXXCPP_set=
ac_cv_env_CXXCPP_value=
ac_cv_env_CXXFLAGS_set=
ac_cv_env_CXXFLAGS_value=
ac_cv_env_CXX_set=
ac_cv_env_CXX_value=
ac_cv_env_LDFLAGS_set=
ac_cv_env_LDFLAGS_value=
ac_cv_env_LIBS_set=
ac_cv_env_LIBS_value=
ac_cv_env_PYTHON_set=set
ac_cv_env_PYTHON_value=/usr/bin/python2
ac_cv_env_build_alias_set=
ac_cv_env_build_alias_value=
ac_cv_env_host_alias_set=
ac_cv_env_host_alias_value=
ac_cv_env_target_alias_set=
ac_cv_env_target_alias_value=
ac_cv_func_dlopen=no
ac_cv_func_shl_load=no
ac_cv_header_boost_assign_hpp=yes
ac_cv_header_boost_foreach_hpp=yes
ac_cv_header_boost_lexical_cast_hpp=yes
ac_cv_header_boost_random_hpp=yes
ac_cv_header_boost_smart_ptr_hpp=yes
ac_cv_header_dlfcn_h=yes
ac_cv_header_inttypes_h=yes
ac_cv_header_memory_h=yes
ac_cv_header_stdc=yes
ac_cv_header_stdint_h=yes
ac_cv_header_stdlib_h=yes
ac_cv_header_string_h=yes
ac_cv_header_strings_h=yes
ac_cv_header_sys_stat_h=yes
ac_cv_header_sys_types_h=yes
ac_cv_header_unistd_h=yes
ac_cv_host=x86_64-unknown-linux-gnu
ac_cv_lib_dl_dlopen=yes
ac_cv_lib_dld_shl_load=no
ac_cv_objext=o
ac_cv_path_DOXYGEN=/usr/bin/doxygen
ac_cv_path_EGREP='/bin/grep -E'
ac_cv_path_FGREP='/bin/grep -F'
ac_cv_path_GREP=/bin/grep
ac_cv_path_PYTHON=/usr/bin/python2
ac_cv_path_SED=/bin/sed
ac_cv_path_SWIG=/usr/bin/swig
ac_cv_path_install='/bin/install -c'
ac_cv_path_mkdir=/bin/mkdir
ac_cv_prog_AWK=gawk
ac_cv_prog_CPP='gcc -E'
ac_cv_prog_CXXCPP='g++ -E'
ac_cv_prog_ac_ct_AR=ar
ac_cv_prog_ac_ct_CC=gcc
ac_cv_prog_ac_ct_CXX=g++
ac_cv_prog_ac_ct_OBJDUMP=objdump
ac_cv_prog_ac_ct_RANLIB=ranlib
ac_cv_prog_ac_ct_STRIP=strip
ac_cv_prog_cc_c89=
ac_cv_prog_cc_g=yes
ac_cv_prog_cxx_g=yes
ac_cv_prog_make_make_set=yes
am_cv_CC_dependencies_compiler_type=gcc3
am_cv_CXX_dependencies_compiler_type=gcc3
lt_cv_ar_at_file=@
lt_cv_archive_cmds_need_lc=no
lt_cv_deplibs_check_method=pass_all
lt_cv_dlopen=dlopen
lt_cv_dlopen_libs=-ldl
lt_cv_dlopen_self=yes
lt_cv_dlopen_self_static=no
lt_cv_file_magic_cmd='$MAGIC_CMD'
lt_cv_file_magic_test_file=
lt_cv_ld_reload_flag=-r
lt_cv_nm_interface='BSD nm'
lt_cv_objdir=.libs
lt_cv_path_LD=/usr/bin/ld
lt_cv_path_LDCXX='/usr/bin/ld -m elf_x86_64'
lt_cv_path_NM='/usr/bin/nm -B'
lt_cv_path_mainfest_tool=no
lt_cv_prog_compiler_c_o=yes
lt_cv_prog_compiler_c_o_CXX=yes
lt_cv_prog_compiler_pic='-fPIC -DPIC'
lt_cv_prog_compiler_pic_CXX='-fPIC -DPIC'
lt_cv_prog_compiler_pic_works=yes
lt_cv_prog_compiler_pic_works_CXX=yes
lt_cv_prog_compiler_rtti_exceptions=no
lt_cv_prog_compiler_static_works=yes
lt_cv_prog_compiler_static_works_CXX=yes
lt_cv_prog_gnu_ld=yes
lt_cv_prog_gnu_ldcxx=yes
lt_cv_sharedlib_from_linklib_cmd='printf %s\n'
lt_cv_shlibpath_overrides_runpath=no
lt_cv_sys_global_symbol_pipe='sed -n -e '\''s/^.*[	 ]\([ABCDGIRSTW][ABCDGIRSTW]*\)[	 ][	 ]*\([_A-Za-z][_A-Za-z0-9]*\)$/\1 \2 \2/p'\'' | sed '\''/ __gnu_lto/d'\'''
lt_cv_sys_global_symbol_to_c_name_address='sed -n -e '\''s/^: \([^ ]*\)[ ]*$/  {\"\1\", (void *) 0},/p'\'' -e '\''s/^[ABCDGIRSTW]* \([^ ]*\) \([^ ]*\)$/  {"\2", (void *) \&\2},/p'\'''
lt_cv_sys_global_symbol_to_c_name_address_lib_prefix='sed -n -e '\''s/^: \([^ ]*\)[ ]*$/  {\"\1\", (void *) 0},/p'\'' -e '\''s/^[ABCDGIRSTW]* \([^ ]*\) \(lib[^ ]*\)$/  {"\2", (void *) \&\2},/p'\'' -e '\''s/^[ABCDGIRSTW]* \([^ ]*\) \([^ ]*\)$/  {"lib\2", (void *) \&\2},/p'\'''
lt_cv_sys_global_symbol_to_cdecl='sed -n -e '\''s/^T .* \(.*\)$/extern int \1();/p'\'' -e '\''s/^[ABCDGIRSTW]* .* \(.*\)$/extern char \1;/p'\'''
lt_cv_sys_max_cmd_len=1572864
lt_cv_to_host_file_cmd=func_convert_file_noop
lt_cv_to_tool_file_cmd=func_convert_file_noop

## ----------------- ##
## Output variables. ##
## ----------------- ##

ACLOCAL='${SHELL} /home/michal/summer/yoda/yoda/trunk/missing --run aclocal-1.11'
AMDEPBACKSLASH='\'
AMDEP_FALSE='#'
AMDEP_TRUE=''
AMTAR='${SHELL} /home/michal/summer/yoda/yoda/trunk/missing --run tar'
AM_BACKSLASH='\'
AM_CPPFLAGS='-I$(top_srcdir)/include -I$(top_builddir)/include -I$(BOOSTINCPATH) $(BOOST_CPPFLAGS)'
AM_CXXFLAGS=' -pedantic  -ansi  -Wall  -std=c++0x '
AM_DEFAULT_VERBOSITY='0'
AR='ar'
AUTOCONF='${SHELL} /home/michal/summer/yoda/yoda/trunk/missing --run autoconf'
AUTOHEADER='${SHELL} /home/michal/summer/yoda/yoda/trunk/missing --run autoheader'
AUTOMAKE='${SHELL} /home/michal/summer/yoda/yoda/trunk/missing --run automake-1.11'
AWK='gawk'
BOOSTCPPFLAGS='-I/usr/include'
BOOSTINCNAME='boost'
BOOSTINCPATH='/usr/include'
BOOSTINCPATH='/usr/include'
BOOSTPATH=''
CC='gcc'
CCDEPMODE='depmode=gcc3'
CFLAGS='-g -O2'
CPP='gcc -E'
CPPFLAGS=''
CXX='g++'
CXXCPP='g++ -E'
CXXDEPMODE='depmode=gcc3'
CXXFLAGS='-O3'
CYGPATH_W='echo'
DEFS='-DHAVE_CONFIG_H'
DEPDIR='.deps'
DLLTOOL='false'
DOXYGEN='/usr/bin/doxygen'
DSYMUTIL=''
DUMPBIN=''
ECHO_C=''
ECHO_N='-n'
ECHO_T=''
EGREP='/bin/grep -E'
EMPTY=''
ENABLE_PYEXT_FALSE='#'
ENABLE_PYEXT_TRUE=''
EXEEXT=''
FGREP='/bin/grep -F'
GREP='/bin/grep'
INSTALL_DATA='${INSTALL} -m 644'
INSTALL_PROGRAM='${INSTALL}'
INSTALL_SCRIPT='${INSTALL}'
INSTALL_STRIP_PROGRAM='$(install_sh) -c -s'
LD='/usr/bin/ld -m elf_x86_64'
LDFLAGS=''
LIBOBJS=''
LIBPATHVARNAME='LD_LIBRARY_PATH'
LIBS=''
LIBTOOL='$(SHELL) $(top_builddir)/libtool'
LIB_SUFFIX='\".so\"'
LIPO=''
LN_S='ln -s'
LTLIBOBJS=''
MAKEINFO='${SHELL} /home/michal/summer/yoda/yoda/trunk/missing --run makeinfo'
MANIFEST_TOOL=':'
MKDIR_P='/bin/mkdir -p'
NM='/usr/bin/nm -B'
NMEDIT=''
OBJDUMP='objdump'
OBJEXT='o'
OTOOL64=''
OTOOL=''
PACKAGE='YODA'
PACKAGE_BUGREPORT='yoda@projects.hepforge.org'
PACKAGE_NAME='YODA'
PACKAGE_STRING='YODA 0.3.2'
PACKAGE_TARNAME='YODA'
PACKAGE_URL=''
PACKAGE_VERSION='0.3.2'
PATH_SEPARATOR=':'
PYTHON='/usr/bin/python2'
PYTHON_USE_FALSE='#'
PYTHON_USE_TRUE=''
PYTHON_VERSION='2.7'
RANLIB='ranlib'
SED='/bin/sed'
SET_MAKE=''
SHELL='/bin/sh'
STRIP='strip'
SWIG='/usr/bin/swig'
SWIG_LIB=''
SWVERS=''
VERSION='0.3.2'
WITHOUT_BOOSTINC_FALSE=''
WITHOUT_BOOSTINC_TRUE='#'
WITH_BOOSTINC_FALSE='#'
WITH_BOOSTINC_TRUE=''
WITH_DOXYGEN_FALSE='#'
WITH_DOXYGEN_TRUE=''
WITH_OSX_FALSE=''
WITH_OSX_TRUE='#'
YODA_PYTHONPATH=''
ac_ct_AR='ar'
ac_ct_CC='gcc'
ac_ct_CXX='g++'
ac_ct_DUMPBIN=''
am__EXEEXT_FALSE=''
am__EXEEXT_TRUE='#'
am__fastdepCC_FALSE='#'
am__fastdepCC_TRUE=''
am__fastdepCXX_FALSE='#'
am__fastdepCXX_TRUE=''
am__include='include'
am__isrc=''
am__leading_dot='.'
am__quote=''
am__tar='${AMTAR} chof - "$$tardir"'
am__untar='${AMTAR} xf -'
bindir='${exec_prefix}/bin'
build='x86_64-unknown-linux-gnu'
build_alias=''
build_cpu='x86_64'
build_os='linux-gnu'
build_vendor='unknown'
datadir='${datarootdir}'
datarootdir='${prefix}/share'
docdir='${datarootdir}/doc/${PACKAGE_TARNAME}'
dvidir='${docdir}'
exec_prefix='${prefix}'
host='x86_64-unknown-linux-gnu'
host_alias=''
host_cpu='x86_64'
host_os='linux-gnu'
host_vendor='unknown'
htmldir='${docdir}'
includedir='${prefix}/include'
infodir='${datarootdir}/info'
install_sh='${SHELL} /home/michal/summer/yoda/yoda/trunk/install-sh'
libdir='${exec_prefix}/lib'
libexecdir='${exec_prefix}/libexec'
localedir='${datarootdir}/locale'
localstatedir='${prefix}/var'
mandir='${datarootdir}/man'
mkdir_p='/bin/mkdir -p'
oldincludedir='/usr/include'
pdfdir='${docdir}'
prefix='/usr/local'
program_transform_name='s,x,x,'
psdir='${docdir}'
sbindir='${exec_prefix}/sbin'
sharedstatedir='${prefix}/com'
sysconfdir='${prefix}/etc'
target_alias=''

## ----------- ##
## confdefs.h. ##
## ----------- ##

/* confdefs.h */
#define PACKAGE_NAME "YODA"
#define PACKAGE_TARNAME "YODA"
#define PACKAGE_VERSION "0.3.2"
#define PACKAGE_STRING "YODA 0.3.2"
#define PACKAGE_BUGREPORT "yoda@projects.hepforge.org"
#define PACKAGE_URL ""
#define PACKAGE "YODA"
#define VERSION "0.3.2"
#define YODA_VERSION "0.3.2"
#define YODA_NAME "YODA"
#define YODA_STRING "YODA 0.3.2"
#define YODA_TARNAME "YODA"
#define YODA_BUGREPORT "yoda@projects.hepforge.org"
#define STDC_HEADERS 1
#define HAVE_SYS_TYPES_H 1
#define HAVE_SYS_STAT_H 1
#define HAVE_STDLIB_H 1
#define HAVE_STRING_H 1
#define HAVE_MEMORY_H 1
#define HAVE_STRINGS_H 1
#define HAVE_INTTYPES_H 1
#define HAVE_STDINT_H 1
#define HAVE_UNISTD_H 1
#define HAVE_DLFCN_H 1
#define LT_OBJDIR ".libs/"

configure: exit 0
