This file contains any messages produced by compilers while
running configure, to aid debugging if configure makes a mistake.

It was created by Rivet configure 2.0.0a0, which was
generated by GNU Autoconf 2.68.  Invocation command line was

  $ ./configure 

## --------- ##
## Platform. ##
## --------- ##

hostname = trawler
uname -m = x86_64
uname -r = 2.6.39-ARCH
uname -s = Linux
uname -v = #1 SMP PREEMPT Sat Jul 9 14:57:41 CEST 2011

/usr/bin/uname -p = unknown
/bin/uname -X     = unknown

/bin/arch              = x86_64
/usr/bin/arch -k       = unknown
/usr/convex/getsysinfo = unknown
/usr/bin/hostinfo      = unknown
/bin/machine           = unknown
/usr/bin/oslevel       = unknown
/bin/universe          = unknown

PATH: /home/michal/Programowanie/cern/rivet/dev/local/bin
PATH: /home/michal/Programowanie/cern/rivet/dev/local/bin
PATH: /usr/local/bin
PATH: /usr/bin
PATH: /bin
PATH: /usr/local/sbin
PATH: /usr/sbin
PATH: /sbin
PATH: /opt/java/jre/bin
PATH: /opt/kde/bin
PATH: /usr/bin/vendor_perl
PATH: /usr/bin/core_perl
PATH: /opt/qt/bin
PATH: /home/michal/Programowanie/cern/rivet/dev/local/bin


## ----------- ##
## Core tests. ##
## ----------- ##

configure:2685: checking for a BSD-compatible install
configure:2753: result: /bin/install -c
configure:2764: checking whether build environment is sane
configure:2814: result: yes
configure:2955: checking for a thread-safe mkdir -p
configure:2994: result: /bin/mkdir -p
configure:3007: checking for gawk
configure:3023: found /usr/bin/gawk
configure:3034: result: gawk
configure:3045: checking whether make sets $(MAKE)
configure:3067: result: yes
configure:3240: checking for sw_vers
configure:3270: result: no
configure:3320: Calculating LCG platform tag from system properties
configure:3322: checking for OS type
configure:3348: result: Linux
configure:3352: checking for architecture type
configure:3355: result: x86_64
configure:3363: checking for g++
configure:3381: found /usr/bin/g++
configure:3393: result: /usr/bin/g++
configure:3403: checking for gcc/g++ version
configure:3410: result: gcc46
configure:3462: LCG platform tag is 'x86_64-Linux-gcc46-opt'
configure:3590: checking for C++ compiler version
configure:3599: /usr/bin/g++ --version >&5
g++ (GCC) 4.6.1
Copyright (C) 2011 Free Software Foundation, Inc.
This is free software; see the source for copying conditions.  There is NO
warranty; not even for MERCHANTABILITY or FITNESS FOR A PARTICULAR PURPOSE.

configure:3610: $? = 0
configure:3599: /usr/bin/g++ -v >&5
Using built-in specs.
COLLECT_GCC=/usr/bin/g++
COLLECT_LTO_WRAPPER=/usr/lib/gcc/x86_64-unknown-linux-gnu/4.6.1/lto-wrapper
Target: x86_64-unknown-linux-gnu
Configured with: /build/src/gcc-4.6.1/configure --prefix=/usr --libdir=/usr/lib --libexecdir=/usr/lib --mandir=/usr/share/man --infodir=/usr/share/info --with-bugurl=https://bugs.archlinux.org/ --enable-languages=c,c++,ada,fortran,go,lto,objc,obj-c++ --enable-shared --enable-threads=posix --with-system-zlib --enable-__cxa_atexit --disable-libunwind-exceptions --enable-clocale=gnu --enable-gnu-unique-object --enable-linker-build-id --with-ppl --enable-cloog-backend=isl --enable-lto --enable-gold --enable-ld=default --enable-plugin --with-plugin-ld=ld.gold --disable-multilib --disable-libstdcxx-pch --enable-checking=release
Thread model: posix
gcc version 4.6.1 (GCC) 
configure:3610: $? = 0
configure:3599: /usr/bin/g++ -V >&5
g++: error: unrecognized option '-V'
g++: fatal error: no input files
compilation terminated.
configure:3610: $? = 1
configure:3599: /usr/bin/g++ -qversion >&5
g++: error: unrecognized option '-qversion'
g++: fatal error: no input files
compilation terminated.
configure:3610: $? = 1
configure:3630: checking whether the C++ compiler works
configure:3652: /usr/bin/g++ -O2   conftest.cpp  >&5
configure:3656: $? = 0
configure:3704: result: yes
configure:3707: checking for C++ compiler default output file name
configure:3709: result: a.out
configure:3715: checking for suffix of executables
configure:3722: /usr/bin/g++ -o conftest -O2   conftest.cpp  >&5
configure:3726: $? = 0
configure:3748: result: 
configure:3770: checking whether we are cross compiling
configure:3778: /usr/bin/g++ -o conftest -O2   conftest.cpp  >&5
configure:3782: $? = 0
configure:3789: ./conftest
configure:3793: $? = 0
configure:3808: result: no
configure:3813: checking for suffix of object files
configure:3835: /usr/bin/g++ -c -O2  conftest.cpp >&5
configure:3839: $? = 0
configure:3860: result: o
configure:3864: checking whether we are using the GNU C++ compiler
configure:3883: /usr/bin/g++ -c -O2  conftest.cpp >&5
configure:3883: $? = 0
configure:3892: result: yes
configure:3901: checking whether /usr/bin/g++ accepts -g
configure:3921: /usr/bin/g++ -c -g  conftest.cpp >&5
configure:3921: $? = 0
configure:3962: result: yes
configure:3996: checking for style of include used by make
configure:4024: result: GNU
configure:4049: checking dependency style of /usr/bin/g++
configure:4159: result: gcc3
configure:4175: checking whether ln -s works
configure:4179: result: yes
configure:4250: checking build system type
configure:4264: result: x86_64-unknown-linux-gnu
configure:4284: checking host system type
configure:4297: result: x86_64-unknown-linux-gnu
configure:4338: checking how to print strings
configure:4365: result: printf
configure:4434: checking for gcc
configure:4450: found /usr/bin/gcc
configure:4461: result: gcc
configure:4690: checking for C compiler version
configure:4699: gcc --version >&5
gcc (GCC) 4.6.1
Copyright (C) 2011 Free Software Foundation, Inc.
This is free software; see the source for copying conditions.  There is NO
warranty; not even for MERCHANTABILITY or FITNESS FOR A PARTICULAR PURPOSE.

configure:4710: $? = 0
configure:4699: gcc -v >&5
Using built-in specs.
COLLECT_GCC=gcc
COLLECT_LTO_WRAPPER=/usr/lib/gcc/x86_64-unknown-linux-gnu/4.6.1/lto-wrapper
Target: x86_64-unknown-linux-gnu
Configured with: /build/src/gcc-4.6.1/configure --prefix=/usr --libdir=/usr/lib --libexecdir=/usr/lib --mandir=/usr/share/man --infodir=/usr/share/info --with-bugurl=https://bugs.archlinux.org/ --enable-languages=c,c++,ada,fortran,go,lto,objc,obj-c++ --enable-shared --enable-threads=posix --with-system-zlib --enable-__cxa_atexit --disable-libunwind-exceptions --enable-clocale=gnu --enable-gnu-unique-object --enable-linker-build-id --with-ppl --enable-cloog-backend=isl --enable-lto --enable-gold --enable-ld=default --enable-plugin --with-plugin-ld=ld.gold --disable-multilib --disable-libstdcxx-pch --enable-checking=release
Thread model: posix
gcc version 4.6.1 (GCC) 
configure:4710: $? = 0
configure:4699: gcc -V >&5
gcc: error: unrecognized option '-V'
gcc: fatal error: no input files
compilation terminated.
configure:4710: $? = 1
configure:4699: gcc -qversion >&5
gcc: error: unrecognized option '-qversion'
gcc: fatal error: no input files
compilation terminated.
configure:4710: $? = 1
configure:4714: checking whether we are using the GNU C compiler
configure:4733: gcc -c   conftest.c >&5
configure:4733: $? = 0
configure:4742: result: yes
configure:4751: checking whether gcc accepts -g
configure:4771: gcc -c -g  conftest.c >&5
configure:4771: $? = 0
configure:4812: result: yes
configure:4829: checking for gcc option to accept ISO C89
configure:4893: gcc  -c -g -O2  conftest.c >&5
configure:4893: $? = 0
configure:4906: result: none needed
configure:4928: checking dependency style of gcc
configure:5038: result: gcc3
configure:5053: checking for a sed that does not truncate output
configure:5117: result: /bin/sed
configure:5135: checking for grep that handles long lines and -e
configure:5193: result: /bin/grep
configure:5198: checking for egrep
configure:5260: result: /bin/grep -E
configure:5265: checking for fgrep
configure:5327: result: /bin/grep -F
configure:5362: checking for ld used by gcc
configure:5429: result: /usr/bin/ld
configure:5436: checking if the linker (/usr/bin/ld) is GNU ld
configure:5451: result: yes
configure:5463: checking for BSD- or MS-compatible name lister (nm)
configure:5512: result: /usr/bin/nm -B
configure:5642: checking the name lister (/usr/bin/nm -B) interface
configure:5649: /usr/bin/g++ -c -O2  conftest.cpp >&5
configure:5652: /usr/bin/nm -B "conftest.o"
configure:5655: output
0000000000000000 B some_variable
configure:5662: result: BSD nm
configure:5666: checking the maximum length of command line arguments
configure:5791: result: 1572864
configure:5808: checking whether the shell understands some XSI constructs
configure:5818: result: yes
configure:5822: checking whether the shell understands "+="
configure:5828: result: yes
configure:5863: checking how to convert x86_64-unknown-linux-gnu file names to x86_64-unknown-linux-gnu format
configure:5903: result: func_convert_file_noop
configure:5910: checking how to convert x86_64-unknown-linux-gnu file names to toolchain format
configure:5930: result: func_convert_file_noop
configure:5937: checking for /usr/bin/ld option to reload object files
configure:5944: result: -r
configure:6018: checking for objdump
configure:6034: found /usr/bin/objdump
configure:6045: result: objdump
configure:6077: checking how to recognize dependent libraries
configure:6279: result: pass_all
configure:6364: checking for dlltool
configure:6394: result: no
configure:6424: checking how to associate runtime and link libraries
configure:6451: result: printf %s\n
configure:6512: checking for ar
configure:6528: found /usr/bin/ar
configure:6539: result: ar
configure:6576: checking for archiver @FILE support
configure:6593: /usr/bin/g++ -c -O2  conftest.cpp >&5
configure:6593: $? = 0
configure:6596: ar cru libconftest.a @conftest.lst >&5
configure:6599: $? = 0
configure:6604: ar cru libconftest.a @conftest.lst >&5
ar: conftest.o: No such file or directory
configure:6607: $? = 1
configure:6619: result: @
configure:6677: checking for strip
configure:6693: found /usr/bin/strip
configure:6704: result: strip
configure:6776: checking for ranlib
configure:6792: found /usr/bin/ranlib
configure:6803: result: ranlib
configure:6905: checking command to parse /usr/bin/nm -B output from gcc object
configure:7024: /usr/bin/g++ -c -O2  conftest.cpp >&5
configure:7027: $? = 0
configure:7031: /usr/bin/nm -B conftest.o \| sed -n -e 's/^.*[ ]\([ABCDGIRSTW][ABCDGIRSTW]*\)[ ][ ]*\([_A-Za-z][_A-Za-z0-9]*\)$/\1 \2 \2/p' | sed '/ __gnu_lto/d' \> conftest.nm
configure:7034: $? = 0
configure:7100: /usr/bin/g++ -o conftest -O2   conftest.cpp conftstm.o >&5
configure:7103: $? = 0
configure:7141: result: ok
configure:7178: checking for sysroot
configure:7208: result: no
configure:7286: /usr/bin/g++ -c -O2  conftest.cpp >&5
configure:7289: $? = 0
configure:7452: checking for mt
configure:7482: result: no
configure:7502: checking if : is a manifest tool
configure:7508: : '-?'
configure:7516: result: no
configure:8148: checking how to run the C preprocessor
configure:8179: gcc -E  conftest.c
configure:8179: $? = 0
configure:8193: gcc -E  conftest.c
conftest.c:16:28: fatal error: ac_nonexistent.h: No such file or directory
compilation terminated.
configure:8193: $? = 1
configure: failed program was:
| /* confdefs.h */
| #define PACKAGE_NAME "Rivet"
| #define PACKAGE_TARNAME "Rivet"
| #define PACKAGE_VERSION "2.0.0a0"
| #define PACKAGE_STRING "Rivet 2.0.0a0"
| #define PACKAGE_BUGREPORT "rivet@projects.hepforge.org"
| #define PACKAGE_URL ""
| #define PACKAGE "Rivet"
| #define VERSION "2.0.0a0"
| #define RIVET_VERSION "2.0.0a0"
| #define RIVET_NAME "Rivet"
| #define RIVET_STRING "Rivet 2.0.0a0"
| #define RIVET_TARNAME "Rivet"
| #define RIVET_BUGREPORT "rivet@projects.hepforge.org"
| /* end confdefs.h.  */
| #include <ac_nonexistent.h>
configure:8218: result: gcc -E
configure:8238: gcc -E  conftest.c
configure:8238: $? = 0
configure:8252: gcc -E  conftest.c
conftest.c:16:28: fatal error: ac_nonexistent.h: No such file or directory
compilation terminated.
configure:8252: $? = 1
configure: failed program was:
| /* confdefs.h */
| #define PACKAGE_NAME "Rivet"
| #define PACKAGE_TARNAME "Rivet"
| #define PACKAGE_VERSION "2.0.0a0"
| #define PACKAGE_STRING "Rivet 2.0.0a0"
| #define PACKAGE_BUGREPORT "rivet@projects.hepforge.org"
| #define PACKAGE_URL ""
| #define PACKAGE "Rivet"
| #define VERSION "2.0.0a0"
| #define RIVET_VERSION "2.0.0a0"
| #define RIVET_NAME "Rivet"
| #define RIVET_STRING "Rivet 2.0.0a0"
| #define RIVET_TARNAME "Rivet"
| #define RIVET_BUGREPORT "rivet@projects.hepforge.org"
| /* end confdefs.h.  */
| #include <ac_nonexistent.h>
configure:8281: checking for ANSI C header files
configure:8301: gcc -c -g -O2  conftest.c >&5
configure:8301: $? = 0
configure:8374: gcc -o conftest -g -O2   conftest.c  >&5
configure:8374: $? = 0
configure:8374: ./conftest
configure:8374: $? = 0
configure:8385: result: yes
configure:8398: checking for sys/types.h
configure:8398: gcc -c -g -O2  conftest.c >&5
configure:8398: $? = 0
configure:8398: result: yes
configure:8398: checking for sys/stat.h
configure:8398: gcc -c -g -O2  conftest.c >&5
configure:8398: $? = 0
configure:8398: result: yes
configure:8398: checking for stdlib.h
configure:8398: gcc -c -g -O2  conftest.c >&5
configure:8398: $? = 0
configure:8398: result: yes
configure:8398: checking for string.h
configure:8398: gcc -c -g -O2  conftest.c >&5
configure:8398: $? = 0
configure:8398: result: yes
configure:8398: checking for memory.h
configure:8398: gcc -c -g -O2  conftest.c >&5
configure:8398: $? = 0
configure:8398: result: yes
configure:8398: checking for strings.h
configure:8398: gcc -c -g -O2  conftest.c >&5
configure:8398: $? = 0
configure:8398: result: yes
configure:8398: checking for inttypes.h
configure:8398: gcc -c -g -O2  conftest.c >&5
configure:8398: $? = 0
configure:8398: result: yes
configure:8398: checking for stdint.h
configure:8398: gcc -c -g -O2  conftest.c >&5
configure:8398: $? = 0
configure:8398: result: yes
configure:8398: checking for unistd.h
configure:8398: gcc -c -g -O2  conftest.c >&5
configure:8398: $? = 0
configure:8398: result: yes
configure:8412: checking for dlfcn.h
configure:8412: gcc -c -g -O2  conftest.c >&5
configure:8412: $? = 0
configure:8412: result: yes
configure:8577: checking for objdir
configure:8592: result: .libs
configure:8859: checking if gcc supports -fno-rtti -fno-exceptions
configure:8877: gcc -c -g -O2  -fno-rtti -fno-exceptions conftest.c >&5
cc1: warning: command line option '-fno-rtti' is valid for C++/ObjC++ but not for C [enabled by default]
configure:8881: $? = 0
configure:8894: result: no
configure:9204: checking for gcc option to produce PIC
configure:9211: result: -fPIC -DPIC
configure:9219: checking if gcc PIC flag -fPIC -DPIC works
configure:9237: gcc -c -g -O2  -fPIC -DPIC -DPIC conftest.c >&5
configure:9241: $? = 0
configure:9254: result: yes
configure:9283: checking if gcc static flag -static works
configure:9311: result: yes
configure:9326: checking if gcc supports -c -o file.o
configure:9347: gcc -c -g -O2  -o out/conftest2.o conftest.c >&5
configure:9351: $? = 0
configure:9373: result: yes
configure:9381: checking if gcc supports -c -o file.o
configure:9428: result: yes
configure:9461: checking whether the gcc linker (/usr/bin/ld -m elf_x86_64) supports shared libraries
configure:10619: result: yes
configure:10656: checking whether -lc should be explicitly linked in
configure:10664: gcc -c -g -O2  conftest.c >&5
configure:10667: $? = 0
configure:10682: gcc -shared  -fPIC -DPIC conftest.o  -v -Wl,-soname -Wl,conftest -o conftest 2\>\&1 \| /bin/grep  -lc  \>/dev/null 2\>\&1
configure:10685: $? = 0
configure:10699: result: no
configure:10864: checking dynamic linker characteristics
configure:11378: gcc -o conftest -g -O2   -Wl,-rpath -Wl,/foo conftest.c  >&5
configure:11378: $? = 0
configure:11600: result: GNU/Linux ld.so
configure:11707: checking how to hardcode library paths into programs
configure:11732: result: immediate
configure:11826: checking for shl_load
configure:11826: gcc -o conftest -g -O2   conftest.c  >&5
/tmp/ccOQ1jRm.o: In function `main':
/home/michal/summer/2011-07-aida2yoda/conftest.c:62: undefined reference to `shl_load'
collect2: ld returned 1 exit status
configure:11826: $? = 1
configure: failed program was:
| /* confdefs.h */
| #define PACKAGE_NAME "Rivet"
| #define PACKAGE_TARNAME "Rivet"
| #define PACKAGE_VERSION "2.0.0a0"
| #define PACKAGE_STRING "Rivet 2.0.0a0"
| #define PACKAGE_BUGREPORT "rivet@projects.hepforge.org"
| #define PACKAGE_URL ""
| #define PACKAGE "Rivet"
| #define VERSION "2.0.0a0"
| #define RIVET_VERSION "2.0.0a0"
| #define RIVET_NAME "Rivet"
| #define RIVET_STRING "Rivet 2.0.0a0"
| #define RIVET_TARNAME "Rivet"
| #define RIVET_BUGREPORT "rivet@projects.hepforge.org"
| #define STDC_HEADERS 1
| #define HAVE_SYS_TYPES_H 1
| #define HAVE_SYS_STAT_H 1
| #define HAVE_STDLIB_H 1
| #define HAVE_STRING_H 1
| #define HAVE_MEMORY_H 1
| #define HAVE_STRINGS_H 1
| #define HAVE_INTTYPES_H 1
| #define HAVE_STDINT_H 1
| #define HAVE_UNISTD_H 1
| #define HAVE_DLFCN_H 1
| #define LT_OBJDIR ".libs/"
| /* end confdefs.h.  */
| /* Define shl_load to an innocuous variant, in case <limits.h> declares shl_load.
|    For example, HP-UX 11i <limits.h> declares gettimeofday.  */
| #define shl_load innocuous_shl_load
| 
| /* System header to define __stub macros and hopefully few prototypes,
|     which can conflict with char shl_load (); below.
|     Prefer <limits.h> to <assert.h> if __STDC__ is defined, since
|     <limits.h> exists even on freestanding compilers.  */
| 
| #ifdef __STDC__
| # include <limits.h>
| #else
| # include <assert.h>
| #endif
| 
| #undef shl_load
| 
| /* Override any GCC internal prototype to avoid an error.
|    Use char because int might match the return type of a GCC
|    builtin and then its argument prototype would still apply.  */
| #ifdef __cplusplus
| extern "C"
| #endif
| char shl_load ();
| /* The GNU C library defines this for functions which it implements
|     to always fail with ENOSYS.  Some functions are actually named
|     something starting with __ and the normal name is an alias.  */
| #if defined __stub_shl_load || defined __stub___shl_load
| choke me
| #endif
| 
| int
| main ()
| {
| return shl_load ();
|   ;
|   return 0;
| }
configure:11826: result: no
configure:11830: checking for shl_load in -ldld
configure:11855: gcc -o conftest -g -O2   conftest.c -ldld   >&5
/usr/bin/ld: cannot find -ldld
collect2: ld returned 1 exit status
configure:11855: $? = 1
configure: failed program was:
| /* confdefs.h */
| #define PACKAGE_NAME "Rivet"
| #define PACKAGE_TARNAME "Rivet"
| #define PACKAGE_VERSION "2.0.0a0"
| #define PACKAGE_STRING "Rivet 2.0.0a0"
| #define PACKAGE_BUGREPORT "rivet@projects.hepforge.org"
| #define PACKAGE_URL ""
| #define PACKAGE "Rivet"
| #define VERSION "2.0.0a0"
| #define RIVET_VERSION "2.0.0a0"
| #define RIVET_NAME "Rivet"
| #define RIVET_STRING "Rivet 2.0.0a0"
| #define RIVET_TARNAME "Rivet"
| #define RIVET_BUGREPORT "rivet@projects.hepforge.org"
| #define STDC_HEADERS 1
| #define HAVE_SYS_TYPES_H 1
| #define HAVE_SYS_STAT_H 1
| #define HAVE_STDLIB_H 1
| #define HAVE_STRING_H 1
| #define HAVE_MEMORY_H 1
| #define HAVE_STRINGS_H 1
| #define HAVE_INTTYPES_H 1
| #define HAVE_STDINT_H 1
| #define HAVE_UNISTD_H 1
| #define HAVE_DLFCN_H 1
| #define LT_OBJDIR ".libs/"
| /* end confdefs.h.  */
| 
| /* Override any GCC internal prototype to avoid an error.
|    Use char because int might match the return type of a GCC
|    builtin and then its argument prototype would still apply.  */
| #ifdef __cplusplus
| extern "C"
| #endif
| char shl_load ();
| int
| main ()
| {
| return shl_load ();
|   ;
|   return 0;
| }
configure:11864: result: no
configure:11869: checking for dlopen
configure:11869: gcc -o conftest -g -O2   conftest.c  >&5
/tmp/ccwhtU1K.o: In function `main':
/home/michal/summer/2011-07-aida2yoda/conftest.c:62: undefined reference to `dlopen'
collect2: ld returned 1 exit status
configure:11869: $? = 1
configure: failed program was:
| /* confdefs.h */
| #define PACKAGE_NAME "Rivet"
| #define PACKAGE_TARNAME "Rivet"
| #define PACKAGE_VERSION "2.0.0a0"
| #define PACKAGE_STRING "Rivet 2.0.0a0"
| #define PACKAGE_BUGREPORT "rivet@projects.hepforge.org"
| #define PACKAGE_URL ""
| #define PACKAGE "Rivet"
| #define VERSION "2.0.0a0"
| #define RIVET_VERSION "2.0.0a0"
| #define RIVET_NAME "Rivet"
| #define RIVET_STRING "Rivet 2.0.0a0"
| #define RIVET_TARNAME "Rivet"
| #define RIVET_BUGREPORT "rivet@projects.hepforge.org"
| #define STDC_HEADERS 1
| #define HAVE_SYS_TYPES_H 1
| #define HAVE_SYS_STAT_H 1
| #define HAVE_STDLIB_H 1
| #define HAVE_STRING_H 1
| #define HAVE_MEMORY_H 1
| #define HAVE_STRINGS_H 1
| #define HAVE_INTTYPES_H 1
| #define HAVE_STDINT_H 1
| #define HAVE_UNISTD_H 1
| #define HAVE_DLFCN_H 1
| #define LT_OBJDIR ".libs/"
| /* end confdefs.h.  */
| /* Define dlopen to an innocuous variant, in case <limits.h> declares dlopen.
|    For example, HP-UX 11i <limits.h> declares gettimeofday.  */
| #define dlopen innocuous_dlopen
| 
| /* System header to define __stub macros and hopefully few prototypes,
|     which can conflict with char dlopen (); below.
|     Prefer <limits.h> to <assert.h> if __STDC__ is defined, since
|     <limits.h> exists even on freestanding compilers.  */
| 
| #ifdef __STDC__
| # include <limits.h>
| #else
| # include <assert.h>
| #endif
| 
| #undef dlopen
| 
| /* Override any GCC internal prototype to avoid an error.
|    Use char because int might match the return type of a GCC
|    builtin and then its argument prototype would still apply.  */
| #ifdef __cplusplus
| extern "C"
| #endif
| char dlopen ();
| /* The GNU C library defines this for functions which it implements
|     to always fail with ENOSYS.  Some functions are actually named
|     something starting with __ and the normal name is an alias.  */
| #if defined __stub_dlopen || defined __stub___dlopen
| choke me
| #endif
| 
| int
| main ()
| {
| return dlopen ();
|   ;
|   return 0;
| }
configure:11869: result: no
configure:11873: checking for dlopen in -ldl
configure:11898: gcc -o conftest -g -O2   conftest.c -ldl   >&5
configure:11898: $? = 0
configure:11907: result: yes
configure:12026: checking whether a program can dlopen itself
configure:12106: gcc -o conftest -g -O2  -DHAVE_DLFCN_H  -Wl,--export-dynamic conftest.c -ldl  >&5
configure:12109: $? = 0
configure:12127: result: yes
configure:12132: checking whether a statically linked program can dlopen itself
configure:12212: gcc -o conftest -g -O2  -DHAVE_DLFCN_H  -Wl,--export-dynamic -static conftest.c -ldl  >&5
/tmp/cc9BXlYq.o: In function `main':
/home/michal/summer/2011-07-aida2yoda/configure:12191: warning: Using 'dlopen' in statically linked applications requires at runtime the shared libraries from the glibc version used for linking
configure:12215: $? = 0
/home/michal/Programowanie/cern/rivet/dev/local/lib/: cannot read file data: Is a directory
configure:12233: result: no
configure:12272: checking whether stripping libraries is possible
configure:12277: result: yes
configure:12312: checking if libtool supports shared libraries
configure:12314: result: yes
configure:12317: checking whether to build shared libraries
configure:12338: result: yes
configure:12341: checking whether to build static libraries
configure:12345: result: no
configure:12368: checking how to run the C++ preprocessor
configure:12395: /usr/bin/g++ -E  conftest.cpp
configure:12395: $? = 0
configure:12409: /usr/bin/g++ -E  conftest.cpp
conftest.cpp:28:28: fatal error: ac_nonexistent.h: No such file or directory
compilation terminated.
configure:12409: $? = 1
configure: failed program was:
| /* confdefs.h */
| #define PACKAGE_NAME "Rivet"
| #define PACKAGE_TARNAME "Rivet"
| #define PACKAGE_VERSION "2.0.0a0"
| #define PACKAGE_STRING "Rivet 2.0.0a0"
| #define PACKAGE_BUGREPORT "rivet@projects.hepforge.org"
| #define PACKAGE_URL ""
| #define PACKAGE "Rivet"
| #define VERSION "2.0.0a0"
| #define RIVET_VERSION "2.0.0a0"
| #define RIVET_NAME "Rivet"
| #define RIVET_STRING "Rivet 2.0.0a0"
| #define RIVET_TARNAME "Rivet"
| #define RIVET_BUGREPORT "rivet@projects.hepforge.org"
| #define STDC_HEADERS 1
| #define HAVE_SYS_TYPES_H 1
| #define HAVE_SYS_STAT_H 1
| #define HAVE_STDLIB_H 1
| #define HAVE_STRING_H 1
| #define HAVE_MEMORY_H 1
| #define HAVE_STRINGS_H 1
| #define HAVE_INTTYPES_H 1
| #define HAVE_STDINT_H 1
| #define HAVE_UNISTD_H 1
| #define HAVE_DLFCN_H 1
| #define LT_OBJDIR ".libs/"
| /* end confdefs.h.  */
| #include <ac_nonexistent.h>
configure:12434: result: /usr/bin/g++ -E
configure:12454: /usr/bin/g++ -E  conftest.cpp
configure:12454: $? = 0
configure:12468: /usr/bin/g++ -E  conftest.cpp
conftest.cpp:28:28: fatal error: ac_nonexistent.h: No such file or directory
compilation terminated.
configure:12468: $? = 1
configure: failed program was:
| /* confdefs.h */
| #define PACKAGE_NAME "Rivet"
| #define PACKAGE_TARNAME "Rivet"
| #define PACKAGE_VERSION "2.0.0a0"
| #define PACKAGE_STRING "Rivet 2.0.0a0"
| #define PACKAGE_BUGREPORT "rivet@projects.hepforge.org"
| #define PACKAGE_URL ""
| #define PACKAGE "Rivet"
| #define VERSION "2.0.0a0"
| #define RIVET_VERSION "2.0.0a0"
| #define RIVET_NAME "Rivet"
| #define RIVET_STRING "Rivet 2.0.0a0"
| #define RIVET_TARNAME "Rivet"
| #define RIVET_BUGREPORT "rivet@projects.hepforge.org"
| #define STDC_HEADERS 1
| #define HAVE_SYS_TYPES_H 1
| #define HAVE_SYS_STAT_H 1
| #define HAVE_STDLIB_H 1
| #define HAVE_STRING_H 1
| #define HAVE_MEMORY_H 1
| #define HAVE_STRINGS_H 1
| #define HAVE_INTTYPES_H 1
| #define HAVE_STDINT_H 1
| #define HAVE_UNISTD_H 1
| #define HAVE_DLFCN_H 1
| #define LT_OBJDIR ".libs/"
| /* end confdefs.h.  */
| #include <ac_nonexistent.h>
configure:12638: checking for ld used by /usr/bin/g++
configure:12705: result: /usr/bin/ld -m elf_x86_64
configure:12712: checking if the linker (/usr/bin/ld -m elf_x86_64) is GNU ld
configure:12727: result: yes
configure:12782: checking whether the /usr/bin/g++ linker (/usr/bin/ld -m elf_x86_64) supports shared libraries
configure:13786: result: yes
configure:13821: /usr/bin/g++ -c -O2  conftest.cpp >&5
configure:13824: $? = 0
configure:14344: checking for /usr/bin/g++ option to produce PIC
configure:14351: result: -fPIC -DPIC
configure:14359: checking if /usr/bin/g++ PIC flag -fPIC -DPIC works
configure:14377: /usr/bin/g++ -c -O2  -fPIC -DPIC -DPIC conftest.cpp >&5
configure:14381: $? = 0
configure:14394: result: yes
configure:14417: checking if /usr/bin/g++ static flag -static works
configure:14445: result: yes
configure:14457: checking if /usr/bin/g++ supports -c -o file.o
configure:14478: /usr/bin/g++ -c -O2  -o out/conftest2.o conftest.cpp >&5
configure:14482: $? = 0
configure:14504: result: yes
configure:14509: checking if /usr/bin/g++ supports -c -o file.o
configure:14556: result: yes
configure:14586: checking whether the /usr/bin/g++ linker (/usr/bin/ld -m elf_x86_64) supports shared libraries
configure:14620: result: yes
configure:14763: checking dynamic linker characteristics
configure:15433: result: GNU/Linux ld.so
configure:15486: checking how to hardcode library paths into programs
configure:15511: result: immediate
configure:15594: checking for gsl-config
configure:15612: found /usr/bin/gsl-config
configure:15624: result: /usr/bin/gsl-config
configure:15633: Using /usr/bin/gsl-config to find GSL flags
configure:15698: GSL include path is /usr/include
configure:15700: GSL CPPFLAGS is -I/usr/include
configure:15702: GSL CXXFLAGS is -I/usr/include
configure:15704: GSL LDFLAGS is -L/usr/lib -lgsl -lgslcblas -lm
configure:15866: Found gsl header directory at /usr/include
configure:15934: checking gsl/gsl_vector.h usability
configure:15934: /usr/bin/g++ -c -O2  -I/usr/include conftest.cpp >&5
configure:15934: $? = 0
configure:15934: result: yes
configure:15934: checking gsl/gsl_vector.h presence
configure:15934: /usr/bin/g++ -E  -I/usr/include conftest.cpp
configure:15934: $? = 0
configure:15934: result: yes
configure:15934: checking for gsl/gsl_vector.h
configure:15934: result: yes
configure:16052: Found Boost header directory at /usr/include
configure:16124: checking boost/foreach.hpp usability
configure:16124: /usr/bin/g++ -c -O2  -I/usr/include conftest.cpp >&5
configure:16124: $? = 0
configure:16124: result: yes
configure:16124: checking boost/foreach.hpp presence
configure:16124: /usr/bin/g++ -E  -I/usr/include conftest.cpp
configure:16124: $? = 0
configure:16124: result: yes
configure:16124: checking for boost/foreach.hpp
configure:16124: result: yes
configure:16132: checking boost/smart_ptr.hpp usability
configure:16132: /usr/bin/g++ -c -O2  -I/usr/include conftest.cpp >&5
configure:16132: $? = 0
configure:16132: result: yes
configure:16132: checking boost/smart_ptr.hpp presence
configure:16132: /usr/bin/g++ -E  -I/usr/include conftest.cpp
configure:16132: $? = 0
configure:16132: result: yes
configure:16132: checking for boost/smart_ptr.hpp
configure:16132: result: yes
configure:16140: checking boost/lexical_cast.hpp usability
configure:16140: /usr/bin/g++ -c -O2  -I/usr/include conftest.cpp >&5
configure:16140: $? = 0
configure:16140: result: yes
configure:16140: checking boost/lexical_cast.hpp presence
configure:16140: /usr/bin/g++ -E  -I/usr/include conftest.cpp
configure:16140: $? = 0
configure:16140: result: yes
configure:16140: checking for boost/lexical_cast.hpp
configure:16140: result: yes
configure:16148: checking boost/assign.hpp usability
configure:16148: /usr/bin/g++ -c -O2  -I/usr/include conftest.cpp >&5
configure:16148: $? = 0
configure:16148: result: yes
configure:16148: checking boost/assign.hpp presence
configure:16148: /usr/bin/g++ -E  -I/usr/include conftest.cpp
configure:16148: $? = 0
configure:16148: result: yes
configure:16148: checking for boost/assign.hpp
configure:16148: result: yes
configure:16156: checking boost/random.hpp usability
configure:16156: /usr/bin/g++ -c -O2  -I/usr/include conftest.cpp >&5
configure:16156: $? = 0
configure:16156: result: yes
configure:16156: checking boost/random.hpp presence
configure:16156: /usr/bin/g++ -E  -I/usr/include conftest.cpp
configure:16156: $? = 0
configure:16156: result: yes
configure:16156: checking for boost/random.hpp
configure:16156: result: yes
configure:16292: checking for uname
configure:16310: found /bin/uname
configure:16323: result: /bin/uname
configure:16421: Found YODA library at /usr/local/lib/libYODA.la
configure:16568: Found YODA header directory at /usr/local/include
configure:16922: Found HepMC library at /usr/local/lib/libHepMC.la
configure:17069: Found HepMC header directory at /usr/local/include
configure:17197: HepMC version is 2.06.05 -> 26
configure:17458: Found fastjet library at /usr/local/lib/libfastjet.la
configure:17605: Found fastjet header directory at /usr/local/include
configure:17704: checking for fastjet-config
configure:17723: found /home/michal/Programowanie/cern/rivet/dev/local/bin/fastjet-config
configure:17735: result: /home/michal/Programowanie/cern/rivet/dev/local/bin/fastjet-config
configure:17744: checking FastJet version using fastjet-config
configure:17747: result: 2.4.3
configure:17767: FastJet LIBADD = -Wl,-rpath,/home/michal/Programowanie/cern/rivet/dev/local/lib -lm -L/home/michal/Programowanie/cern/rivet/dev/local/lib -lfastjet -lSISConePlugin -lsiscone -lsiscone_spherical -lCDFConesPlugin -lD0RunIIConePlugin -lNestedDefsPlugin -lTrackJetPlugin -lATLASConePlugin -lCMSIterativeConePlugin -lEECambridgePlugin -lJadePlugin
configure:17774: checking fastjet/D0RunIIConePlugin.hh usability
configure:17774: /usr/bin/g++ -c -O2  -I/usr/local/include conftest.cpp >&5
configure:17774: $? = 0
configure:17774: result: yes
configure:17774: checking fastjet/D0RunIIConePlugin.hh presence
configure:17774: /usr/bin/g++ -E  -I/usr/local/include conftest.cpp
configure:17774: $? = 0
configure:17774: result: yes
configure:17774: checking for fastjet/D0RunIIConePlugin.hh
configure:17774: result: yes
configure:17782: checking fastjet/TrackJetPlugin.hh usability
configure:17782: /usr/bin/g++ -c -O2  -I/usr/local/include conftest.cpp >&5
configure:17782: $? = 0
configure:17782: result: yes
configure:17782: checking fastjet/TrackJetPlugin.hh presence
configure:17782: /usr/bin/g++ -E  -I/usr/local/include conftest.cpp
configure:17782: $? = 0
configure:17782: result: yes
configure:17782: checking for fastjet/TrackJetPlugin.hh
configure:17782: result: yes
configure:17804: checking for doxygen
configure:17822: found /usr/bin/doxygen
configure:17834: result: /usr/bin/doxygen
configure:17887: Not building unvalidated Rivet analyses
configure:17909: Building preliminary Rivet analyses
configure:17934: Building obsolete Rivet analyses
configure:17953: checking for pdflatex
configure:17971: found /usr/bin/pdflatex
configure:17983: result: /usr/bin/pdflatex
configure:18024: checking for asciidoc
configure:18042: found /usr/bin/asciidoc
configure:18054: result: /usr/bin/asciidoc
configure:18331: WARNING: yaml-cpp library was not found
configure:18504: WARNING: yaml-cpp header directory was not found
configure:18548: Rivet will install the yaml-cpp library
configure:18600: checking for python
configure:18630: result: /usr/bin/python2
configure:18658: checking whether /usr/bin/python2 version >= 2.4
configure:18691: result: yes
configure:18707: checking for Python include path
configure:18710: result: /usr/include/python2.7
configure:18730: checking for swig
configure:18748: found /usr/bin/swig
configure:18760: result: /usr/bin/swig
configure:18845: checking if /usr/bin/swig can make a Python function wrapper
configure:18849: result: yes
configure:18863: checking if the /usr/bin/g++ compiler accepts the -Wno-format flag
configure:18879: result: yes
configure:18883: adding -Wno-format to swig compilation test
configure:18897: checking if /usr/bin/swig is compatible with the /usr/bin/g++ compiler
configure:18903: result: yes
configure:18915: All Python build checks successful: 'rivet' Python extension will be built
configure:18943: checking if the /usr/bin/g++ compiler accepts the -pedantic flag
configure:18959: result: yes
configure:18982: checking if the /usr/bin/g++ compiler accepts the -ansi flag
configure:18998: result: yes
configure:19021: checking if the /usr/bin/g++ compiler accepts the -Wall flag
configure:19037: result: yes
configure:19060: checking if the /usr/bin/g++ compiler accepts the -Wno-long-long flag
configure:19076: result: yes
configure:19641: creating ./config.status

## ---------------------- ##
## Running config.status. ##
## ---------------------- ##

This file was extended by Rivet config.status 2.0.0a0, which was
generated by GNU Autoconf 2.68.  Invocation command line was

  CONFIG_FILES    = 
  CONFIG_HEADERS  = 
  CONFIG_LINKS    = 
  CONFIG_COMMANDS = 
  $ ./config.status 

on trawler

config.status:1364: creating include/Makefile
config.status:1364: creating include/Rivet/Makefile
config.status:1364: creating src/Makefile
config.status:1364: creating src/Core/Makefile
config.status:1364: creating src/Tools/Makefile
config.status:1364: creating src/Tools/yaml-cpp/Makefile
config.status:1364: creating src/Projections/Makefile
config.status:1364: creating src/Analyses/Makefile
config.status:1364: creating test/Makefile
config.status:1364: creating pyext/Makefile
config.status:1364: creating pyext/rivet/Makefile
config.status:1364: creating pyext/setup.py
config.status:1364: creating data/Makefile
config.status:1364: creating data/refdata/Makefile
config.status:1364: creating data/anainfo/Makefile
config.status:1364: creating data/plotinfo/Makefile
config.status:1364: creating data/texmf/Makefile
config.status:1364: creating doc/Makefile
config.status:1364: creating doc/rivetversion.sty
config.status:1364: creating autopackage/default.apspec
config.status:1364: creating autopackage/data.apspec
config.status:1364: creating bin/Makefile
config.status:1364: creating bin/rivet-config
config.status:1364: creating bin/rivet-buildplugin
config.status:1364: creating Makefile
config.status:1364: creating Doxyfile
config.status:1364: creating rivetenv.sh
config.status:1364: creating rivetenv.csh
config.status:1364: creating include/Rivet/Config/DummyConfig.hh
config.status:1364: creating include/Rivet/Config/RivetConfig.hh
config.status:1364: creating include/Rivet/Config/BuildOptions.hh
config.status:1593: executing depfiles commands
config.status:1593: executing libtool commands

## ---------------- ##
## Cache variables. ##
## ---------------- ##

ac_cv_build=x86_64-unknown-linux-gnu
ac_cv_c_compiler_gnu=yes
ac_cv_cxx_compiler_gnu=yes
ac_cv_env_BOOSTINCPATH_set=
ac_cv_env_BOOSTINCPATH_value=
ac_cv_env_BOOSTPATH_set=
ac_cv_env_BOOSTPATH_value=
ac_cv_env_CCC_set=
ac_cv_env_CCC_value=
ac_cv_env_CC_set=
ac_cv_env_CC_value=
ac_cv_env_CFLAGS_set=
ac_cv_env_CFLAGS_value=
ac_cv_env_CPPFLAGS_set=
ac_cv_env_CPPFLAGS_value=
ac_cv_env_CPP_set=
ac_cv_env_CPP_value=
ac_cv_env_CXXCPP_set=
ac_cv_env_CXXCPP_value=
ac_cv_env_CXXFLAGS_set=
ac_cv_env_CXXFLAGS_value=
ac_cv_env_CXX_set=
ac_cv_env_CXX_value=
ac_cv_env_FASTJETINCPATH_set=
ac_cv_env_FASTJETINCPATH_value=
ac_cv_env_FASTJETLIBNAME_set=
ac_cv_env_FASTJETLIBNAME_value=
ac_cv_env_FASTJETLIBPATH_set=
ac_cv_env_FASTJETLIBPATH_value=
ac_cv_env_FASTJETPATH_set=
ac_cv_env_FASTJETPATH_value=
ac_cv_env_GSLINCPATH_set=
ac_cv_env_GSLINCPATH_value=
ac_cv_env_GSLPATH_set=
ac_cv_env_GSLPATH_value=
ac_cv_env_HEPMCINCPATH_set=
ac_cv_env_HEPMCINCPATH_value=
ac_cv_env_HEPMCLIBNAME_set=
ac_cv_env_HEPMCLIBNAME_value=
ac_cv_env_HEPMCLIBPATH_set=
ac_cv_env_HEPMCLIBPATH_value=
ac_cv_env_HEPMCPATH_set=
ac_cv_env_HEPMCPATH_value=
ac_cv_env_LDFLAGS_set=
ac_cv_env_LDFLAGS_value=
ac_cv_env_LIBS_set=
ac_cv_env_LIBS_value=
ac_cv_env_PYTHON_set=set
ac_cv_env_PYTHON_value=/usr/bin/python2
ac_cv_env_YAML_CPPINCPATH_set=
ac_cv_env_YAML_CPPINCPATH_value=
ac_cv_env_YAML_CPPLIBNAME_set=
ac_cv_env_YAML_CPPLIBNAME_value=
ac_cv_env_YAML_CPPLIBPATH_set=
ac_cv_env_YAML_CPPLIBPATH_value=
ac_cv_env_YAML_CPPPATH_set=
ac_cv_env_YAML_CPPPATH_value=
ac_cv_env_YODAINCPATH_set=
ac_cv_env_YODAINCPATH_value=
ac_cv_env_YODALIBNAME_set=
ac_cv_env_YODALIBNAME_value=
ac_cv_env_YODALIBPATH_set=
ac_cv_env_YODALIBPATH_value=
ac_cv_env_YODAPATH_set=
ac_cv_env_YODAPATH_value=
ac_cv_env_build_alias_set=
ac_cv_env_build_alias_value=
ac_cv_env_host_alias_set=
ac_cv_env_host_alias_value=
ac_cv_env_target_alias_set=
ac_cv_env_target_alias_value=
ac_cv_func_dlopen=no
ac_cv_func_shl_load=no
ac_cv_header_boost_assign_hpp=yes
ac_cv_header_boost_foreach_hpp=yes
ac_cv_header_boost_lexical_cast_hpp=yes
ac_cv_header_boost_random_hpp=yes
ac_cv_header_boost_smart_ptr_hpp=yes
ac_cv_header_dlfcn_h=yes
ac_cv_header_fastjet_D0RunIIConePlugin_hh=yes
ac_cv_header_fastjet_TrackJetPlugin_hh=yes
ac_cv_header_gsl_gsl_vector_h=yes
ac_cv_header_inttypes_h=yes
ac_cv_header_memory_h=yes
ac_cv_header_stdc=yes
ac_cv_header_stdint_h=yes
ac_cv_header_stdlib_h=yes
ac_cv_header_string_h=yes
ac_cv_header_strings_h=yes
ac_cv_header_sys_stat_h=yes
ac_cv_header_sys_types_h=yes
ac_cv_header_unistd_h=yes
ac_cv_host=x86_64-unknown-linux-gnu
ac_cv_lib_dl_dlopen=yes
ac_cv_lib_dld_shl_load=no
ac_cv_objext=o
ac_cv_path_ASCIIDOC=/usr/bin/asciidoc
ac_cv_path_CXX=/usr/bin/g++
ac_cv_path_DOXYGEN=/usr/bin/doxygen
ac_cv_path_EGREP='/bin/grep -E'
ac_cv_path_FGREP='/bin/grep -F'
ac_cv_path_FJCONFIG=/home/michal/Programowanie/cern/rivet/dev/local/bin/fastjet-config
ac_cv_path_GREP=/bin/grep
ac_cv_path_GSLCONFIG=/usr/bin/gsl-config
ac_cv_path_PDFLATEX=/usr/bin/pdflatex
ac_cv_path_PYTHON=/usr/bin/python2
ac_cv_path_SED=/bin/sed
ac_cv_path_SWIG=/usr/bin/swig
ac_cv_path_UNAME=/bin/uname
ac_cv_path_install='/bin/install -c'
ac_cv_path_mkdir=/bin/mkdir
ac_cv_prog_AWK=gawk
ac_cv_prog_CPP='gcc -E'
ac_cv_prog_CXXCPP='/usr/bin/g++ -E'
ac_cv_prog_ac_ct_AR=ar
ac_cv_prog_ac_ct_CC=gcc
ac_cv_prog_ac_ct_OBJDUMP=objdump
ac_cv_prog_ac_ct_RANLIB=ranlib
ac_cv_prog_ac_ct_STRIP=strip
ac_cv_prog_cc_c89=
ac_cv_prog_cc_g=yes
ac_cv_prog_cxx_g=yes
ac_cv_prog_make_make_set=yes
am_cv_CC_dependencies_compiler_type=gcc3
am_cv_CXX_dependencies_compiler_type=gcc3
lt_cv_ar_at_file=@
lt_cv_archive_cmds_need_lc=no
lt_cv_deplibs_check_method=pass_all
lt_cv_dlopen=dlopen
lt_cv_dlopen_libs=-ldl
lt_cv_dlopen_self=yes
lt_cv_dlopen_self_static=no
lt_cv_file_magic_cmd='$MAGIC_CMD'
lt_cv_file_magic_test_file=
lt_cv_ld_reload_flag=-r
lt_cv_nm_interface='BSD nm'
lt_cv_objdir=.libs
lt_cv_path_LD=/usr/bin/ld
lt_cv_path_LDCXX='/usr/bin/ld -m elf_x86_64'
lt_cv_path_NM='/usr/bin/nm -B'
lt_cv_path_mainfest_tool=no
lt_cv_prog_compiler_c_o=yes
lt_cv_prog_compiler_c_o_CXX=yes
lt_cv_prog_compiler_pic='-fPIC -DPIC'
lt_cv_prog_compiler_pic_CXX='-fPIC -DPIC'
lt_cv_prog_compiler_pic_works=yes
lt_cv_prog_compiler_pic_works_CXX=yes
lt_cv_prog_compiler_rtti_exceptions=no
lt_cv_prog_compiler_static_works=yes
lt_cv_prog_compiler_static_works_CXX=yes
lt_cv_prog_gnu_ld=yes
lt_cv_prog_gnu_ldcxx=yes
lt_cv_sharedlib_from_linklib_cmd='printf %s\n'
lt_cv_shlibpath_overrides_runpath=no
lt_cv_sys_global_symbol_pipe='sed -n -e '\''s/^.*[	 ]\([ABCDGIRSTW][ABCDGIRSTW]*\)[	 ][	 ]*\([_A-Za-z][_A-Za-z0-9]*\)$/\1 \2 \2/p'\'' | sed '\''/ __gnu_lto/d'\'''
lt_cv_sys_global_symbol_to_c_name_address='sed -n -e '\''s/^: \([^ ]*\)[ ]*$/  {\"\1\", (void *) 0},/p'\'' -e '\''s/^[ABCDGIRSTW]* \([^ ]*\) \([^ ]*\)$/  {"\2", (void *) \&\2},/p'\'''
lt_cv_sys_global_symbol_to_c_name_address_lib_prefix='sed -n -e '\''s/^: \([^ ]*\)[ ]*$/  {\"\1\", (void *) 0},/p'\'' -e '\''s/^[ABCDGIRSTW]* \([^ ]*\) \(lib[^ ]*\)$/  {"\2", (void *) \&\2},/p'\'' -e '\''s/^[ABCDGIRSTW]* \([^ ]*\) \([^ ]*\)$/  {"lib\2", (void *) \&\2},/p'\'''
lt_cv_sys_global_symbol_to_cdecl='sed -n -e '\''s/^T .* \(.*\)$/extern int \1();/p'\'' -e '\''s/^[ABCDGIRSTW]* .* \(.*\)$/extern char \1;/p'\'''
lt_cv_sys_max_cmd_len=1572864
lt_cv_to_host_file_cmd=func_convert_file_noop
lt_cv_to_tool_file_cmd=func_convert_file_noop

## ----------------- ##
## Output variables. ##
## ----------------- ##

ACLOCAL='${SHELL} /home/michal/summer/2011-07-aida2yoda/missing --run aclocal-1.11'
AMDEPBACKSLASH='\'
AMDEP_FALSE='#'
AMDEP_TRUE=''
AMTAR='${SHELL} /home/michal/summer/2011-07-aida2yoda/missing --run tar'
AM_BACKSLASH='\'
AM_CPPFLAGS='-I$(top_srcdir)/include -I$(top_builddir)/include $(GSL_CPPFLAGS) -I$(BOOSTINCPATH) $(BOOST_CPPFLAGS) -I$(YODAINCPATH) -I$(HEPMCINCPATH) -I$(FASTJETINCPATH)'
AM_CXXFLAGS=' -pedantic  -ansi  -Wall  -Wno-long-long '
AM_DEFAULT_VERBOSITY='0'
AR='ar'
ASCIIDOC='/usr/bin/asciidoc'
AUTOCONF='${SHELL} /home/michal/summer/2011-07-aida2yoda/missing --run autoconf'
AUTOHEADER='${SHELL} /home/michal/summer/2011-07-aida2yoda/missing --run autoheader'
AUTOMAKE='${SHELL} /home/michal/summer/2011-07-aida2yoda/missing --run automake-1.11'
AWK='gawk'
BOOSTCPPFLAGS='-I/usr/include'
BOOSTINCNAME='boost'
BOOSTINCPATH='/usr/include'
BOOSTINCPATH='/usr/include'
BOOSTPATH=''
CC='gcc'
CCDEPMODE='depmode=gcc3'
CFLAGS='-g -O2'
CPP='gcc -E'
CPPFLAGS=''
CXX='/usr/bin/g++'
CXXCPP='/usr/bin/g++ -E'
CXXDEPMODE='depmode=gcc3'
CXXFLAGS='-O2'
CYGPATH_W='echo'
DEFS='-DHAVE_CONFIG_H'
DEPDIR='.deps'
DLLTOOL='false'
DOXYGEN='/usr/bin/doxygen'
DSYMUTIL=''
DUMPBIN=''
ECHO_C=''
ECHO_N='-n'
ECHO_T=''
EGREP='/bin/grep -E'
EMPTY=''
ENABLE_ANALYSES_FALSE='#'
ENABLE_ANALYSES_TRUE=''
ENABLE_OBSOLETE_FALSE='#'
ENABLE_OBSOLETE_TRUE=''
ENABLE_PDFMANUAL_FALSE='#'
ENABLE_PDFMANUAL_TRUE=''
ENABLE_PRELIMINARY_FALSE='#'
ENABLE_PRELIMINARY_TRUE=''
ENABLE_PYEXT_FALSE='#'
ENABLE_PYEXT_TRUE=''
ENABLE_UNVALIDATED_FALSE=''
ENABLE_UNVALIDATED_TRUE='#'
EXEEXT=''
FASTJETCONFIGLIBADD='-Wl,-rpath,/home/michal/Programowanie/cern/rivet/dev/local/lib -lm -L/home/michal/Programowanie/cern/rivet/dev/local/lib -lfastjet -lSISConePlugin -lsiscone -lsiscone_spherical -lCDFConesPlugin -lD0RunIIConePlugin -lNestedDefsPlugin -lTrackJetPlugin -lATLASConePlugin -lCMSIterativeConePlugin -lEECambridgePlugin -lJadePlugin'
FASTJETCPPFLAGS='-I/usr/local/include'
FASTJETINCNAME='fastjet'
FASTJETINCPATH='/usr/local/include'
FASTJETINCPATH='/usr/local/include'
FASTJETLDFLAGS='-L/usr/local/lib'
FASTJETLDLIBS='-lfastjet'
FASTJETLIB='/usr/local/lib/libfastjet.la'
FASTJETLIBNAME='fastjet'
FASTJETLIBNAME='fastjet'
FASTJETLIBPATH='/usr/local/lib'
FASTJETLIBPATH='/usr/local/lib'
FASTJETPATH=''
FGREP='/bin/grep -F'
FJCONFIG='/home/michal/Programowanie/cern/rivet/dev/local/bin/fastjet-config'
GREP='/bin/grep'
GSLCONFIG='/usr/bin/gsl-config'
GSLCPPFLAGS='-I/usr/include'
GSLINCNAME='gsl'
GSLINCPATH='/usr/include'
GSLINCPATH='/usr/include'
GSLINCPATH='/usr/include'
GSLPATH='/usr'
GSLPATH='/usr'
GSL_CPPFLAGS='-I/usr/include'
GSL_CXXFLAGS='-I/usr/include'
GSL_LDFLAGS='-L/usr/lib -lgsl -lgslcblas -lm'
HEPMCCPPFLAGS='-I/usr/local/include'
HEPMCINCNAME='HepMC'
HEPMCINCPATH='/usr/local/include'
HEPMCINCPATH='/usr/local/include'
HEPMCLDFLAGS='-L/usr/local/lib'
HEPMCLDLIBS='-lHepMC'
HEPMCLIB='/usr/local/lib/libHepMC.la'
HEPMCLIBNAME='HepMC'
HEPMCLIBNAME='HepMC'
HEPMCLIBPATH='/usr/local/lib'
HEPMCLIBPATH='/usr/local/lib'
HEPMCPATH=''
HEPMC_VERSION='26'
INSTALL_DATA='${INSTALL} -m 644'
INSTALL_PROGRAM='${INSTALL}'
INSTALL_SCRIPT='${INSTALL}'
INSTALL_STRIP_PROGRAM='$(install_sh) -c -s'
LCG_TAG='x86_64-Linux-gcc46-opt'
LD='/usr/bin/ld -m elf_x86_64'
LDFLAGS=''
LIBOBJS=''
LIBPATHVARNAME='LD_LIBRARY_PATH'
LIBS=''
LIBTOOL='$(SHELL) $(top_builddir)/libtool'
LIPO=''
LN_S='ln -s'
LTLIBOBJS=''
LT_OBJDIR=''
MAKEINFO='${SHELL} /home/michal/summer/2011-07-aida2yoda/missing --run makeinfo'
MANIFEST_TOOL=':'
MKDIR_P='/bin/mkdir -p'
NM='/usr/bin/nm -B'
NMEDIT=''
OBJDUMP='objdump'
OBJEXT='o'
OTOOL64=''
OTOOL=''
PACKAGE='Rivet'
PACKAGE_BUGREPORT='rivet@projects.hepforge.org'
PACKAGE_NAME='Rivet'
PACKAGE_STRING='Rivet 2.0.0a0'
PACKAGE_TARNAME='Rivet'
PACKAGE_URL=''
PACKAGE_VERSION='2.0.0a0'
PATH_SEPARATOR=':'
PDFLATEX='/usr/bin/pdflatex'
PYTHON='/usr/bin/python2'
PYTHON_USE_FALSE='#'
PYTHON_USE_TRUE=''
PYTHON_VERSION='2.7'
RANLIB='ranlib'
RIVET_PYTHONPATH='/usr/local/lib/python2.7/site-packages'
SED='/bin/sed'
SET_MAKE=''
SHELL='/bin/sh'
STRIP='strip'
SWIG='/usr/bin/swig'
SWIG_LIB=''
SWVERS=''
UNAME='/bin/uname'
VERSION='2.0.0a0'
VERSIONINFOFLAGS='-version-info 8:0:0'
WITHOUT_BOOSTINC_FALSE=''
WITHOUT_BOOSTINC_TRUE='#'
WITHOUT_FASTJETINC_FALSE=''
WITHOUT_FASTJETINC_TRUE='#'
WITHOUT_FASTJETLIB_FALSE=''
WITHOUT_FASTJETLIB_TRUE='#'
WITHOUT_FASTJET_FALSE=''
WITHOUT_FASTJET_TRUE='#'
WITHOUT_GSLINC_FALSE=''
WITHOUT_GSLINC_FALSE=''
WITHOUT_GSLINC_TRUE='#'
WITHOUT_GSLINC_TRUE='#'
WITHOUT_GSLLIB_FALSE=''
WITHOUT_GSLLIB_TRUE='#'
WITHOUT_GSL_FALSE=''
WITHOUT_GSL_TRUE='#'
WITHOUT_HEPMCINC_FALSE=''
WITHOUT_HEPMCINC_TRUE='#'
WITHOUT_HEPMCLIB_FALSE=''
WITHOUT_HEPMCLIB_TRUE='#'
WITHOUT_HEPMC_FALSE=''
WITHOUT_HEPMC_TRUE='#'
WITHOUT_YAML_CPPINC_FALSE=''
WITHOUT_YAML_CPPINC_TRUE='#'
WITHOUT_YAML_CPPLIB_FALSE='#'
WITHOUT_YAML_CPPLIB_TRUE=''
WITHOUT_YAML_CPP_FALSE='#'
WITHOUT_YAML_CPP_TRUE=''
WITHOUT_YODAINC_FALSE=''
WITHOUT_YODAINC_TRUE='#'
WITHOUT_YODALIB_FALSE=''
WITHOUT_YODALIB_TRUE='#'
WITHOUT_YODA_FALSE=''
WITHOUT_YODA_TRUE='#'
WITH_ASCIIDOC_FALSE='#'
WITH_ASCIIDOC_TRUE=''
WITH_BOOSTINC_FALSE='#'
WITH_BOOSTINC_TRUE=''
WITH_DOXYGEN_FALSE='#'
WITH_DOXYGEN_TRUE=''
WITH_FASTJETINC_FALSE='#'
WITH_FASTJETINC_TRUE=''
WITH_FASTJETLIB_FALSE='#'
WITH_FASTJETLIB_TRUE=''
WITH_FASTJET_FALSE='#'
WITH_FASTJET_TRUE=''
WITH_GSLINC_FALSE='#'
WITH_GSLINC_FALSE='#'
WITH_GSLINC_TRUE=''
WITH_GSLINC_TRUE=''
WITH_GSLLIB_FALSE='#'
WITH_GSLLIB_TRUE=''
WITH_GSL_FALSE='#'
WITH_GSL_TRUE=''
WITH_HEPMCINC_FALSE='#'
WITH_HEPMCINC_TRUE=''
WITH_HEPMCLIB_FALSE='#'
WITH_HEPMCLIB_TRUE=''
WITH_HEPMC_FALSE='#'
WITH_HEPMC_TRUE=''
WITH_OSX_FALSE=''
WITH_OSX_TRUE='#'
WITH_PDFLATEX_FALSE='#'
WITH_PDFLATEX_TRUE=''
WITH_YAML_CPPINC_FALSE='#'
WITH_YAML_CPPINC_TRUE=''
WITH_YAML_CPPLIB_FALSE=''
WITH_YAML_CPPLIB_TRUE='#'
WITH_YAML_CPP_FALSE=''
WITH_YAML_CPP_TRUE='#'
WITH_YODAINC_FALSE='#'
WITH_YODAINC_TRUE=''
WITH_YODALIB_FALSE='#'
WITH_YODALIB_TRUE=''
WITH_YODA_FALSE='#'
WITH_YODA_TRUE=''
YAML_CPPCPPFLAGS=''
YAML_CPPINCNAME=''
YAML_CPPINCPATH=''
YAML_CPPINCPATH=''
YAML_CPPLDFLAGS=''
YAML_CPPLDLIBS=''
YAML_CPPLIB=''
YAML_CPPLIBNAME=''
YAML_CPPLIBNAME=''
YAML_CPPLIBPATH=''
YAML_CPPLIBPATH=''
YAML_CPPPATH=''
YODACPPFLAGS='-I/usr/local/include'
YODAINCNAME='YODA'
YODAINCPATH='/usr/local/include'
YODAINCPATH='/usr/local/include'
YODALDFLAGS='-L/usr/local/lib'
YODALDLIBS='-lYODA'
YODALIB='/usr/local/lib/libYODA.la'
YODALIBNAME='YODA'
YODALIBNAME='YODA'
YODALIBPATH='/usr/local/lib'
YODALIBPATH='/usr/local/lib'
YODAPATH=''
ac_ct_AR='ar'
ac_ct_CC='gcc'
ac_ct_CXX=''
ac_ct_DUMPBIN=''
am__EXEEXT_FALSE=''
am__EXEEXT_TRUE='#'
am__fastdepCC_FALSE='#'
am__fastdepCC_TRUE=''
am__fastdepCXX_FALSE='#'
am__fastdepCXX_TRUE=''
am__include='include'
am__isrc=''
am__leading_dot='.'
am__quote=''
am__tar='${AMTAR} chof - "$$tardir"'
am__untar='${AMTAR} xf -'
bindir='${exec_prefix}/bin'
build='x86_64-unknown-linux-gnu'
build_alias=''
build_cpu='x86_64'
build_os='linux-gnu'
build_vendor='unknown'
datadir='${datarootdir}'
datarootdir='${prefix}/share'
docdir='${datarootdir}/doc/${PACKAGE_TARNAME}'
dvidir='${docdir}'
exec_prefix='${prefix}'
host='x86_64-unknown-linux-gnu'
host_alias=''
host_cpu='x86_64'
host_os='linux-gnu'
host_vendor='unknown'
htmldir='${docdir}'
includedir='${prefix}/include'
infodir='${datarootdir}/info'
install_sh='${SHELL} /home/michal/summer/2011-07-aida2yoda/install-sh'
libdir='${exec_prefix}/lib'
libexecdir='${exec_prefix}/libexec'
localedir='${datarootdir}/locale'
localstatedir='${prefix}/var'
mandir='${datarootdir}/man'
mkdir_p='/bin/mkdir -p'
oldincludedir='/usr/include'
pdfdir='${docdir}'
prefix='/usr/local'
program_transform_name='s,x,x,'
psdir='${docdir}'
sbindir='${exec_prefix}/sbin'
sharedstatedir='${prefix}/com'
sysconfdir='${prefix}/etc'
target_alias=''

## ----------- ##
## confdefs.h. ##
## ----------- ##

/* confdefs.h */
#define PACKAGE_NAME "Rivet"
#define PACKAGE_TARNAME "Rivet"
#define PACKAGE_VERSION "2.0.0a0"
#define PACKAGE_STRING "Rivet 2.0.0a0"
#define PACKAGE_BUGREPORT "rivet@projects.hepforge.org"
#define PACKAGE_URL ""
#define PACKAGE "Rivet"
#define VERSION "2.0.0a0"
#define RIVET_VERSION "2.0.0a0"
#define RIVET_NAME "Rivet"
#define RIVET_STRING "Rivet 2.0.0a0"
#define RIVET_TARNAME "Rivet"
#define RIVET_BUGREPORT "rivet@projects.hepforge.org"
#define STDC_HEADERS 1
#define HAVE_SYS_TYPES_H 1
#define HAVE_SYS_STAT_H 1
#define HAVE_STDLIB_H 1
#define HAVE_STRING_H 1
#define HAVE_MEMORY_H 1
#define HAVE_STRINGS_H 1
#define HAVE_INTTYPES_H 1
#define HAVE_STDINT_H 1
#define HAVE_UNISTD_H 1
#define HAVE_DLFCN_H 1
#define LT_OBJDIR ".libs/"

configure: exit 0
